{"contracts/Admin.sol":{"l":{"43":3,"44":3,"48":53,"49":45,"53":81,"54":49,"58":45,"59":43,"63":10,"66":7,"67":3,"71":6,"72":2,"81":22,"82":22,"83":22,"97":21,"98":21,"99":19,"100":19,"101":19,"111":16,"112":14,"113":14,"120":14,"121":14,"125":12,"126":8,"127":4,"128":4,"132":7,"136":3},"path":"/Users/olga/Documents/GitHub/nft-marketplace-contracts/contracts/Admin.sol","s":{"1":3,"2":3,"3":53,"4":81,"5":45,"6":10,"7":7,"8":3,"9":6,"10":2,"11":22,"12":22,"13":22,"14":21,"15":21,"16":19,"17":19,"18":19,"19":16,"20":14,"21":14,"22":14,"23":14,"24":12,"25":8,"26":4,"27":4,"28":7,"29":3},"b":{"1":[45,8],"2":[49,32],"3":[43,2],"4":[3,4],"5":[2,4],"6":[19,2],"7":[14,2],"8":[8,4],"9":[4,4],"10":[3,4]},"f":{"1":3,"2":53,"3":81,"4":45,"5":10,"6":7,"7":6,"8":22,"9":21,"10":16,"11":14,"12":12,"13":7},"fnMap":{"1":{"name":"constructor","line":42,"loc":{"start":{"line":42,"column":4},"end":{"line":45,"column":4}}},"2":{"name":"onlyAdminCollection","line":47,"loc":{"start":{"line":47,"column":4},"end":{"line":50,"column":4}}},"3":{"name":"onlyAdminCommission","line":52,"loc":{"start":{"line":52,"column":4},"end":{"line":55,"column":4}}},"4":{"name":"checkContract","line":57,"loc":{"start":{"line":57,"column":4},"end":{"line":60,"column":4}}},"5":{"name":"setMarketContract","line":62,"loc":{"start":{"line":62,"column":4},"end":{"line":64,"column":4}}},"6":{"name":"setCollectionAdmin","line":65,"loc":{"start":{"line":65,"column":4},"end":{"line":68,"column":4}}},"7":{"name":"setCommissionAdmin","line":70,"loc":{"start":{"line":70,"column":4},"end":{"line":73,"column":4}}},"8":{"name":"setNFT_Collection","line":80,"loc":{"start":{"line":80,"column":4},"end":{"line":84,"column":4}}},"9":{"name":"setERC20_Support","line":96,"loc":{"start":{"line":92,"column":4},"end":{"line":103,"column":4}}},"10":{"name":"setMarketCommission","line":110,"loc":{"start":{"line":110,"column":4},"end":{"line":114,"column":4}}},"11":{"name":"setOfferCommission","line":119,"loc":{"start":{"line":119,"column":4},"end":{"line":122,"column":4}}},"12":{"name":"setCollectionCommission","line":124,"loc":{"start":{"line":124,"column":4},"end":{"line":129,"column":4}}},"13":{"name":"setCollectionOwner","line":131,"loc":{"start":{"line":131,"column":4},"end":{"line":137,"column":4}}}},"statementMap":{"1":{"start":{"line":43,"column":8},"end":{"line":43,"column":44}},"2":{"start":{"line":44,"column":8},"end":{"line":44,"column":42}},"3":{"start":{"line":48,"column":8},"end":{"line":48,"column":74}},"4":{"start":{"line":53,"column":8},"end":{"line":53,"column":74}},"5":{"start":{"line":58,"column":8},"end":{"line":58,"column":56}},"6":{"start":{"line":63,"column":8},"end":{"line":63,"column":52}},"7":{"start":{"line":66,"column":8},"end":{"line":66,"column":84}},"8":{"start":{"line":67,"column":8},"end":{"line":67,"column":43}},"9":{"start":{"line":71,"column":8},"end":{"line":71,"column":84}},"10":{"start":{"line":72,"column":8},"end":{"line":72,"column":43}},"11":{"start":{"line":81,"column":8},"end":{"line":81,"column":53}},"12":{"start":{"line":82,"column":8},"end":{"line":82,"column":53}},"13":{"start":{"line":83,"column":8},"end":{"line":83,"column":56}},"14":{"start":{"line":97,"column":8},"end":{"line":97,"column":3553}},"15":{"start":{"line":98,"column":12},"end":{"line":98,"column":61}},"16":{"start":{"line":99,"column":12},"end":{"line":99,"column":41}},"17":{"start":{"line":100,"column":12},"end":{"line":100,"column":43}},"18":{"start":{"line":101,"column":12},"end":{"line":101,"column":77}},"19":{"start":{"line":111,"column":8},"end":{"line":111,"column":39}},"20":{"start":{"line":112,"column":8},"end":{"line":112,"column":36}},"21":{"start":{"line":113,"column":8},"end":{"line":113,"column":47}},"22":{"start":{"line":120,"column":8},"end":{"line":120,"column":34}},"23":{"start":{"line":121,"column":8},"end":{"line":121,"column":45}},"24":{"start":{"line":125,"column":8},"end":{"line":125,"column":97}},"25":{"start":{"line":126,"column":8},"end":{"line":126,"column":39}},"26":{"start":{"line":127,"column":8},"end":{"line":127,"column":55}},"27":{"start":{"line":128,"column":8},"end":{"line":128,"column":58}},"28":{"start":{"line":132,"column":8},"end":{"line":132,"column":4965}},"29":{"start":{"line":136,"column":8},"end":{"line":136,"column":49}}},"branchMap":{"1":{"line":48,"type":"if","locations":[{"start":{"line":48,"column":8},"end":{"line":48,"column":8}},{"start":{"line":48,"column":8},"end":{"line":48,"column":8}}]},"2":{"line":53,"type":"if","locations":[{"start":{"line":53,"column":8},"end":{"line":53,"column":8}},{"start":{"line":53,"column":8},"end":{"line":53,"column":8}}]},"3":{"line":58,"type":"if","locations":[{"start":{"line":58,"column":8},"end":{"line":58,"column":8}},{"start":{"line":58,"column":8},"end":{"line":58,"column":8}}]},"4":{"line":66,"type":"if","locations":[{"start":{"line":66,"column":8},"end":{"line":66,"column":8}},{"start":{"line":66,"column":8},"end":{"line":66,"column":8}}]},"5":{"line":71,"type":"if","locations":[{"start":{"line":71,"column":8},"end":{"line":71,"column":8}},{"start":{"line":71,"column":8},"end":{"line":71,"column":8}}]},"6":{"line":98,"type":"if","locations":[{"start":{"line":98,"column":12},"end":{"line":98,"column":12}},{"start":{"line":98,"column":12},"end":{"line":98,"column":12}}]},"7":{"line":111,"type":"if","locations":[{"start":{"line":111,"column":8},"end":{"line":111,"column":8}},{"start":{"line":111,"column":8},"end":{"line":111,"column":8}}]},"8":{"line":125,"type":"if","locations":[{"start":{"line":125,"column":8},"end":{"line":125,"column":8}},{"start":{"line":125,"column":8},"end":{"line":125,"column":8}}]},"9":{"line":126,"type":"if","locations":[{"start":{"line":126,"column":8},"end":{"line":126,"column":8}},{"start":{"line":126,"column":8},"end":{"line":126,"column":8}}]},"10":{"line":132,"type":"if","locations":[{"start":{"line":132,"column":8},"end":{"line":132,"column":8}},{"start":{"line":132,"column":8},"end":{"line":132,"column":8}}]}}},"contracts/Auction.sol":{"l":{"20":9,"21":9,"47":29,"62":4,"63":2,"64":2,"66":2,"67":2,"69":4,"70":4,"90":38,"91":38,"101":38,"102":36,"106":30,"111":26,"112":3,"115":26,"116":24,"125":22,"126":22,"133":22,"134":10,"136":12,"138":22,"139":22,"156":64,"157":64,"167":64,"172":60,"174":56,"175":26,"176":14,"180":14,"181":8,"183":14,"190":14,"192":30,"193":28,"194":28,"195":28,"196":14,"197":8,"202":14,"203":14,"207":14,"211":14,"213":28,"214":28,"223":7,"224":7,"234":7,"235":5,"236":5,"237":2,"238":2,"239":0,"247":2,"256":3,"257":3,"258":1,"265":2,"273":5,"274":4,"277":4,"278":4,"279":2,"280":2,"281":2,"285":2,"286":0,"291":2,"292":2,"296":2,"297":2,"303":2,"304":0,"311":5,"312":5,"313":5,"317":4,"318":4,"328":4,"329":2,"330":1,"331":1,"339":1,"340":1,"347":2,"348":2,"349":2,"353":0,"357":0},"path":"/Users/olga/Documents/GitHub/nft-marketplace-contracts/contracts/Auction.sol","s":{"1":9,"2":9,"3":29,"4":4,"5":2,"6":2,"7":2,"8":2,"9":4,"10":4,"11":38,"12":38,"13":38,"14":36,"15":30,"16":26,"17":3,"18":26,"19":24,"20":22,"21":22,"22":22,"23":10,"24":12,"25":22,"26":22,"27":64,"28":64,"29":64,"30":60,"31":56,"32":26,"33":14,"34":14,"35":8,"36":14,"37":14,"38":30,"39":28,"40":28,"41":28,"42":14,"43":8,"44":14,"45":14,"46":14,"47":14,"48":28,"49":28,"50":7,"51":7,"52":7,"53":5,"54":5,"55":2,"56":2,"57":0,"58":2,"59":3,"60":3,"61":1,"62":2,"63":5,"64":4,"65":4,"66":4,"67":2,"68":2,"69":2,"70":2,"71":0,"72":2,"73":2,"74":2,"75":2,"76":2,"77":0,"78":5,"79":5,"80":4,"81":4,"82":4,"83":2,"84":1,"85":1,"86":1,"87":1,"88":2,"89":2,"90":0,"91":0},"b":{"1":[2,2],"2":[36,2],"3":[30,6],"4":[26,4],"5":[3,23],"6":[24,2],"7":[22,2],"8":[10,12],"9":[60,4],"10":[56,4],"11":[26,30],"12":[14,12],"13":[8,6],"14":[28,2],"15":[14,14],"16":[8,6],"17":[5,2],"18":[2,3],"19":[0,2],"20":[1,2],"21":[4,1],"22":[2,2],"23":[2,0],"24":[0,2],"25":[2,0],"26":[0,2],"27":[2,2],"28":[1,1]},"f":{"1":9,"2":29,"3":4,"4":38,"5":64,"6":7,"7":4,"8":0,"9":0},"fnMap":{"1":{"name":"constructor","line":19,"loc":{"start":{"line":19,"column":4},"end":{"line":22,"column":4}}},"2":{"name":"time","line":46,"loc":{"start":{"line":46,"column":4},"end":{"line":48,"column":4}}},"3":{"name":"createAuction","line":61,"loc":{"start":{"line":50,"column":4},"end":{"line":71,"column":4}}},"4":{"name":"startAuction","line":89,"loc":{"start":{"line":82,"column":4},"end":{"line":148,"column":4}}},"5":{"name":"makeBid","line":155,"loc":{"start":{"line":155,"column":4},"end":{"line":215,"column":4}}},"6":{"name":"endAuction","line":222,"loc":{"start":{"line":222,"column":4},"end":{"line":314,"column":4}}},"7":{"name":"finishAuction","line":316,"loc":{"start":{"line":316,"column":4},"end":{"line":350,"column":4}}},"8":{"name":"setPause","line":352,"loc":{"start":{"line":352,"column":4},"end":{"line":354,"column":4}}},"9":{"name":"unPause","line":356,"loc":{"start":{"line":356,"column":4},"end":{"line":358,"column":4}}}},"statementMap":{"1":{"start":{"line":20,"column":8},"end":{"line":20,"column":43}},"2":{"start":{"line":21,"column":8},"end":{"line":21,"column":35}},"3":{"start":{"line":47,"column":8},"end":{"line":47,"column":30}},"4":{"start":{"line":62,"column":8},"end":{"line":62,"column":1692}},"5":{"start":{"line":63,"column":12},"end":{"line":63,"column":59}},"6":{"start":{"line":64,"column":12},"end":{"line":64,"column":91}},"7":{"start":{"line":66,"column":12},"end":{"line":66,"column":57}},"8":{"start":{"line":67,"column":12},"end":{"line":67,"column":84}},"9":{"start":{"line":69,"column":8},"end":{"line":69,"column":55}},"10":{"start":{"line":70,"column":8},"end":{"line":70,"column":74}},"11":{"start":{"line":90,"column":8},"end":{"line":90,"column":26}},"12":{"start":{"line":91,"column":8},"end":{"line":91,"column":2827}},"13":{"start":{"line":101,"column":8},"end":{"line":101,"column":49}},"14":{"start":{"line":102,"column":8},"end":{"line":102,"column":3112}},"15":{"start":{"line":106,"column":8},"end":{"line":106,"column":3318}},"16":{"start":{"line":111,"column":8},"end":{"line":111,"column":3424}},"17":{"start":{"line":112,"column":12},"end":{"line":112,"column":38}},"18":{"start":{"line":115,"column":8},"end":{"line":115,"column":94}},"19":{"start":{"line":116,"column":8},"end":{"line":116,"column":3614}},"20":{"start":{"line":125,"column":8},"end":{"line":125,"column":36}},"21":{"start":{"line":126,"column":8},"end":{"line":126,"column":3934}},"22":{"start":{"line":133,"column":8},"end":{"line":133,"column":4087}},"23":{"start":{"line":134,"column":12},"end":{"line":134,"column":51}},"24":{"start":{"line":136,"column":12},"end":{"line":136,"column":51}},"25":{"start":{"line":138,"column":8},"end":{"line":138,"column":41}},"26":{"start":{"line":139,"column":8},"end":{"line":139,"column":4311}},"27":{"start":{"line":156,"column":8},"end":{"line":156,"column":26}},"28":{"start":{"line":157,"column":8},"end":{"line":157,"column":4789}},"29":{"start":{"line":167,"column":8},"end":{"line":167,"column":5022}},"30":{"start":{"line":172,"column":8},"end":{"line":172,"column":94}},"31":{"start":{"line":174,"column":8},"end":{"line":174,"column":5332}},"32":{"start":{"line":175,"column":16},"end":{"line":175,"column":80}},"33":{"start":{"line":176,"column":16},"end":{"line":176,"column":5495}},"34":{"start":{"line":180,"column":16},"end":{"line":180,"column":5638}},"35":{"start":{"line":181,"column":20},"end":{"line":181,"column":78}},"36":{"start":{"line":183,"column":16},"end":{"line":183,"column":5787}},"37":{"start":{"line":190,"column":16},"end":{"line":190,"column":47}},"38":{"start":{"line":192,"column":12},"end":{"line":192,"column":52}},"39":{"start":{"line":193,"column":12},"end":{"line":193,"column":66}},"40":{"start":{"line":194,"column":12},"end":{"line":194,"column":72}},"41":{"start":{"line":195,"column":16},"end":{"line":195,"column":77}},"42":{"start":{"line":196,"column":16},"end":{"line":196,"column":6388}},"43":{"start":{"line":197,"column":20},"end":{"line":197,"column":6446}},"44":{"start":{"line":202,"column":16},"end":{"line":202,"column":44}},"45":{"start":{"line":203,"column":16},"end":{"line":203,"column":6667}},"46":{"start":{"line":207,"column":16},"end":{"line":207,"column":6828}},"47":{"start":{"line":211,"column":16},"end":{"line":211,"column":47}},"48":{"start":{"line":213,"column":8},"end":{"line":213,"column":41}},"49":{"start":{"line":214,"column":8},"end":{"line":214,"column":94}},"50":{"start":{"line":223,"column":8},"end":{"line":223,"column":26}},"51":{"start":{"line":224,"column":8},"end":{"line":224,"column":7470}},"52":{"start":{"line":234,"column":8},"end":{"line":234,"column":112}},"53":{"start":{"line":235,"column":8},"end":{"line":235,"column":57}},"54":{"start":{"line":236,"column":8},"end":{"line":236,"column":7877}},"55":{"start":{"line":237,"column":12},"end":{"line":237,"column":76}},"56":{"start":{"line":238,"column":12},"end":{"line":238,"column":8000}},"57":{"start":{"line":239,"column":16},"end":{"line":239,"column":8054}},"58":{"start":{"line":247,"column":16},"end":{"line":247,"column":8338}},"59":{"start":{"line":256,"column":12},"end":{"line":256,"column":74}},"60":{"start":{"line":257,"column":12},"end":{"line":257,"column":8697}},"61":{"start":{"line":258,"column":16},"end":{"line":258,"column":8751}},"62":{"start":{"line":265,"column":16},"end":{"line":265,"column":8990}},"63":{"start":{"line":273,"column":8},"end":{"line":273,"column":9213}},"64":{"start":{"line":274,"column":12},"end":{"line":274,"column":9264}},"65":{"start":{"line":277,"column":12},"end":{"line":277,"column":71}},"66":{"start":{"line":278,"column":12},"end":{"line":278,"column":9477}},"67":{"start":{"line":279,"column":16},"end":{"line":279,"column":78}},"68":{"start":{"line":280,"column":16},"end":{"line":280,"column":9627}},"69":{"start":{"line":281,"column":20},"end":{"line":281,"column":9679}},"70":{"start":{"line":285,"column":16},"end":{"line":285,"column":9851}},"71":{"start":{"line":286,"column":20},"end":{"line":286,"column":9897}},"72":{"start":{"line":291,"column":16},"end":{"line":291,"column":70}},"73":{"start":{"line":292,"column":16},"end":{"line":292,"column":10135}},"74":{"start":{"line":296,"column":16},"end":{"line":296,"column":10280}},"75":{"start":{"line":297,"column":20},"end":{"line":297,"column":10332}},"76":{"start":{"line":303,"column":16},"end":{"line":303,"column":10564}},"77":{"start":{"line":304,"column":20},"end":{"line":304,"column":10610}},"78":{"start":{"line":312,"column":8},"end":{"line":312,"column":41}},"79":{"start":{"line":313,"column":8},"end":{"line":313,"column":79}},"80":{"start":{"line":317,"column":8},"end":{"line":317,"column":26}},"81":{"start":{"line":318,"column":8},"end":{"line":318,"column":11071}},"82":{"start":{"line":328,"column":8},"end":{"line":328,"column":92}},"83":{"start":{"line":329,"column":8},"end":{"line":329,"column":11399}},"84":{"start":{"line":330,"column":12},"end":{"line":330,"column":76}},"85":{"start":{"line":331,"column":12},"end":{"line":331,"column":11522}},"86":{"start":{"line":339,"column":12},"end":{"line":339,"column":74}},"87":{"start":{"line":340,"column":12},"end":{"line":340,"column":11850}},"88":{"start":{"line":348,"column":8},"end":{"line":348,"column":41}},"89":{"start":{"line":349,"column":8},"end":{"line":349,"column":78}},"90":{"start":{"line":353,"column":8},"end":{"line":353,"column":15}},"91":{"start":{"line":357,"column":8},"end":{"line":357,"column":17}}},"branchMap":{"1":{"line":62,"type":"if","locations":[{"start":{"line":62,"column":8},"end":{"line":62,"column":8}},{"start":{"line":62,"column":8},"end":{"line":62,"column":8}}]},"2":{"line":101,"type":"if","locations":[{"start":{"line":101,"column":8},"end":{"line":101,"column":8}},{"start":{"line":101,"column":8},"end":{"line":101,"column":8}}]},"3":{"line":102,"type":"if","locations":[{"start":{"line":102,"column":8},"end":{"line":102,"column":8}},{"start":{"line":102,"column":8},"end":{"line":102,"column":8}}]},"4":{"line":106,"type":"if","locations":[{"start":{"line":106,"column":8},"end":{"line":106,"column":8}},{"start":{"line":106,"column":8},"end":{"line":106,"column":8}}]},"5":{"line":111,"type":"if","locations":[{"start":{"line":111,"column":8},"end":{"line":111,"column":8}},{"start":{"line":111,"column":8},"end":{"line":111,"column":8}}]},"6":{"line":115,"type":"if","locations":[{"start":{"line":115,"column":8},"end":{"line":115,"column":8}},{"start":{"line":115,"column":8},"end":{"line":115,"column":8}}]},"7":{"line":116,"type":"if","locations":[{"start":{"line":116,"column":8},"end":{"line":116,"column":8}},{"start":{"line":116,"column":8},"end":{"line":116,"column":8}}]},"8":{"line":133,"type":"if","locations":[{"start":{"line":133,"column":8},"end":{"line":133,"column":8}},{"start":{"line":133,"column":8},"end":{"line":133,"column":8}}]},"9":{"line":167,"type":"if","locations":[{"start":{"line":167,"column":8},"end":{"line":167,"column":8}},{"start":{"line":167,"column":8},"end":{"line":167,"column":8}}]},"10":{"line":172,"type":"if","locations":[{"start":{"line":172,"column":8},"end":{"line":172,"column":8}},{"start":{"line":172,"column":8},"end":{"line":172,"column":8}}]},"11":{"line":174,"type":"if","locations":[{"start":{"line":174,"column":8},"end":{"line":174,"column":8}},{"start":{"line":174,"column":8},"end":{"line":174,"column":8}}]},"12":{"line":175,"type":"if","locations":[{"start":{"line":175,"column":16},"end":{"line":175,"column":16}},{"start":{"line":175,"column":16},"end":{"line":175,"column":16}}]},"13":{"line":180,"type":"if","locations":[{"start":{"line":180,"column":16},"end":{"line":180,"column":16}},{"start":{"line":180,"column":16},"end":{"line":180,"column":16}}]},"14":{"line":192,"type":"if","locations":[{"start":{"line":192,"column":12},"end":{"line":192,"column":12}},{"start":{"line":192,"column":12},"end":{"line":192,"column":12}}]},"15":{"line":195,"type":"if","locations":[{"start":{"line":195,"column":16},"end":{"line":195,"column":16}},{"start":{"line":195,"column":16},"end":{"line":195,"column":16}}]},"16":{"line":196,"type":"if","locations":[{"start":{"line":196,"column":16},"end":{"line":196,"column":16}},{"start":{"line":196,"column":16},"end":{"line":196,"column":16}}]},"17":{"line":234,"type":"if","locations":[{"start":{"line":234,"column":8},"end":{"line":234,"column":8}},{"start":{"line":234,"column":8},"end":{"line":234,"column":8}}]},"18":{"line":236,"type":"if","locations":[{"start":{"line":236,"column":8},"end":{"line":236,"column":8}},{"start":{"line":236,"column":8},"end":{"line":236,"column":8}}]},"19":{"line":238,"type":"if","locations":[{"start":{"line":238,"column":12},"end":{"line":238,"column":12}},{"start":{"line":238,"column":12},"end":{"line":238,"column":12}}]},"20":{"line":257,"type":"if","locations":[{"start":{"line":257,"column":12},"end":{"line":257,"column":12}},{"start":{"line":257,"column":12},"end":{"line":257,"column":12}}]},"21":{"line":273,"type":"if","locations":[{"start":{"line":273,"column":8},"end":{"line":273,"column":8}},{"start":{"line":273,"column":8},"end":{"line":273,"column":8}}]},"22":{"line":278,"type":"if","locations":[{"start":{"line":278,"column":12},"end":{"line":278,"column":12}},{"start":{"line":278,"column":12},"end":{"line":278,"column":12}}]},"23":{"line":280,"type":"if","locations":[{"start":{"line":280,"column":16},"end":{"line":280,"column":16}},{"start":{"line":280,"column":16},"end":{"line":280,"column":16}}]},"24":{"line":285,"type":"if","locations":[{"start":{"line":285,"column":16},"end":{"line":285,"column":16}},{"start":{"line":285,"column":16},"end":{"line":285,"column":16}}]},"25":{"line":296,"type":"if","locations":[{"start":{"line":296,"column":16},"end":{"line":296,"column":16}},{"start":{"line":296,"column":16},"end":{"line":296,"column":16}}]},"26":{"line":303,"type":"if","locations":[{"start":{"line":303,"column":16},"end":{"line":303,"column":16}},{"start":{"line":303,"column":16},"end":{"line":303,"column":16}}]},"27":{"line":328,"type":"if","locations":[{"start":{"line":328,"column":8},"end":{"line":328,"column":8}},{"start":{"line":328,"column":8},"end":{"line":328,"column":8}}]},"28":{"line":329,"type":"if","locations":[{"start":{"line":329,"column":8},"end":{"line":329,"column":8}},{"start":{"line":329,"column":8},"end":{"line":329,"column":8}}]}}},"contracts/NFTMarketplace.sol":{"l":{"86":3,"87":3,"91":2,"95":2,"99":22,"101":22,"108":6,"115":57,"119":57,"123":35,"124":35,"136":15,"140":11,"144":3,"148":3,"161":232,"162":157,"163":157,"165":75,"166":75,"175":10,"179":46,"183":56,"187":48,"195":7,"196":7,"199":7,"200":6,"204":7,"205":0,"218":12,"219":12,"223":1,"246":195,"247":191,"248":0,"253":191,"254":126,"263":116,"281":116,"291":65,"300":57,"318":57,"328":173,"353":7,"354":5,"355":5,"379":4,"380":4,"381":4,"389":4,"391":4,"395":29,"396":29,"397":29,"418":43,"424":33,"431":31,"432":4,"435":31,"437":29,"438":14,"446":15,"450":15,"451":15,"452":15,"453":15,"466":10,"475":19,"476":19,"477":11,"478":11,"504":16,"505":16,"510":6,"511":6,"513":5,"514":3,"517":1,"518":1,"523":1,"524":1,"531":1,"534":1,"535":0,"543":4,"552":4,"579":36,"581":36,"588":35,"595":33,"596":16,"598":8,"602":6,"603":4,"619":8,"620":10,"626":10,"628":8,"630":8,"634":6,"635":6,"636":6,"654":17,"658":15,"659":10,"660":21,"666":21,"669":10,"671":5,"672":5,"682":5,"683":5,"701":5,"718":25,"719":25,"720":25,"738":11,"742":9,"743":9,"744":9,"745":5,"746":2,"748":3,"751":4,"752":4,"753":4,"758":9,"759":5,"760":9,"781":12,"786":10,"787":10,"788":10,"797":10,"798":10,"799":10,"801":7,"802":16,"803":16,"804":16,"815":10,"817":7,"818":4,"824":3,"828":3,"829":3,"833":3,"834":3,"843":3,"846":3,"847":0,"858":17,"871":174,"872":174,"890":130,"894":120,"895":4,"896":2,"908":2,"909":2,"919":2,"922":118,"938":69,"942":61,"943":4,"944":2,"956":2,"957":2,"967":2,"970":59,"978":28},"path":"/Users/olga/Documents/GitHub/nft-marketplace-contracts/contracts/NFTMarketplace.sol","s":{"1":3,"2":3,"3":2,"4":2,"5":22,"6":22,"7":6,"8":57,"9":57,"10":35,"11":35,"12":15,"13":11,"14":3,"15":3,"16":232,"17":157,"18":157,"19":75,"20":75,"21":10,"22":46,"23":56,"24":48,"25":7,"26":7,"27":7,"28":6,"29":7,"30":0,"31":12,"32":12,"33":1,"34":195,"35":191,"36":0,"37":191,"38":126,"39":116,"40":116,"41":65,"42":57,"43":57,"44":173,"45":7,"46":5,"47":5,"48":4,"49":4,"50":4,"51":4,"52":4,"53":29,"54":29,"55":29,"56":43,"57":33,"58":31,"59":4,"60":31,"61":29,"62":14,"63":15,"64":15,"65":15,"66":15,"67":15,"68":10,"69":19,"70":19,"71":11,"72":16,"73":16,"74":6,"75":5,"76":3,"77":1,"78":1,"79":1,"80":1,"81":1,"82":1,"83":0,"84":4,"85":4,"86":36,"87":36,"88":35,"89":33,"90":16,"91":8,"92":6,"93":4,"94":8,"95":10,"96":10,"97":8,"98":8,"99":6,"100":6,"101":6,"102":17,"103":15,"104":10,"105":21,"106":21,"107":10,"108":5,"109":5,"110":5,"111":5,"112":5,"113":25,"114":25,"115":25,"116":11,"117":9,"118":9,"119":5,"120":2,"121":3,"122":4,"123":4,"124":4,"125":9,"126":5,"127":9,"128":12,"129":10,"130":10,"131":10,"132":10,"133":7,"134":16,"135":16,"136":10,"137":7,"138":4,"139":3,"140":3,"141":3,"142":3,"143":3,"144":3,"145":3,"146":0,"147":17,"148":174,"149":174,"150":130,"151":120,"152":4,"153":2,"154":2,"155":2,"156":2,"157":118,"158":69,"159":61,"160":4,"161":2,"162":2,"163":2,"164":2,"165":59,"166":28},"b":{"1":[22,0],"2":[57,0],"3":[11,4],"4":[3,0],"5":[157,75],"6":[6,1],"7":[0,7],"8":[191,4],"9":[0,191],"10":[126,65],"11":[33,10],"12":[31,2],"13":[4,27],"14":[29,2],"15":[14,15],"16":[11,8],"17":[6,10],"18":[5,1],"19":[3,2],"20":[1,0],"21":[0,1],"22":[35,1],"23":[33,2],"24":[16,17],"25":[8,8],"26":[6,2],"27":[10,0],"28":[8,0],"29":[6,2],"30":[15,2],"31":[10,5],"32":[21,0],"33":[5,5],"34":[9,2],"35":[5,4],"36":[2,3],"37":[5,4],"38":[10,2],"39":[7,3],"40":[7,3],"41":[4,3],"42":[3,0],"43":[0,3],"44":[120,10],"45":[4,116],"46":[2,2],"47":[61,8],"48":[4,57],"49":[2,2]},"f":{"1":3,"2":2,"3":2,"4":22,"5":6,"6":57,"7":35,"8":15,"9":3,"10":232,"11":10,"12":46,"13":56,"14":48,"15":7,"16":12,"17":1,"18":195,"19":7,"20":4,"21":29,"22":43,"23":10,"24":19,"25":16,"26":36,"27":11,"28":12,"29":17,"30":174,"31":130,"32":69,"33":28},"fnMap":{"1":{"name":"constructor","line":82,"loc":{"start":{"line":82,"column":4},"end":{"line":88,"column":4}}},"2":{"name":"setPause","line":90,"loc":{"start":{"line":90,"column":4},"end":{"line":92,"column":4}}},"3":{"name":"unPause","line":94,"loc":{"start":{"line":94,"column":4},"end":{"line":96,"column":4}}},"4":{"name":"setNFT_Collection","line":98,"loc":{"start":{"line":98,"column":4},"end":{"line":105,"column":4}}},"5":{"name":"setAuctionContract","line":107,"loc":{"start":{"line":107,"column":4},"end":{"line":109,"column":4}}},"6":{"name":"auctionLot","line":113,"loc":{"start":{"line":111,"column":4},"end":{"line":120,"column":4}}},"7":{"name":"calculateCommission","line":122,"loc":{"start":{"line":122,"column":4},"end":{"line":125,"column":4}}},"8":{"name":"setWallet","line":135,"loc":{"start":{"line":135,"column":4},"end":{"line":141,"column":4}}},"9":{"name":"setAdminContract","line":143,"loc":{"start":{"line":143,"column":4},"end":{"line":149,"column":4}}},"10":{"name":"sendNFT","line":152,"loc":{"start":{"line":152,"column":4},"end":{"line":168,"column":4}}},"11":{"name":"calculateMarket","line":170,"loc":{"start":{"line":170,"column":4},"end":{"line":176,"column":4}}},"12":{"name":"getCollectionsInfo","line":178,"loc":{"start":{"line":178,"column":4},"end":{"line":180,"column":4}}},"13":{"name":"getMarketCommission","line":182,"loc":{"start":{"line":182,"column":4},"end":{"line":184,"column":4}}},"14":{"name":"getOfferCommission","line":186,"loc":{"start":{"line":186,"column":4},"end":{"line":188,"column":4}}},"15":{"name":"sendCrypto","line":190,"loc":{"start":{"line":190,"column":4},"end":{"line":210,"column":4}}},"16":{"name":"sendERC20","line":212,"loc":{"start":{"line":212,"column":4},"end":{"line":220,"column":4}}},"17":{"name":"getNextStep","line":222,"loc":{"start":{"line":222,"column":4},"end":{"line":224,"column":4}}},"18":{"name":"add","line":245,"loc":{"start":{"line":238,"column":4},"end":{"line":329,"column":4}}},"19":{"name":"NFT_Sale","line":352,"loc":{"start":{"line":342,"column":4},"end":{"line":356,"column":4}}},"20":{"name":"NFT_Offer","line":378,"loc":{"start":{"line":369,"column":4},"end":{"line":392,"column":4}}},"21":{"name":"exchangeSell","line":394,"loc":{"start":{"line":394,"column":4},"end":{"line":398,"column":4}}},"22":{"name":"sell","line":417,"loc":{"start":{"line":411,"column":4},"end":{"line":463,"column":4}}},"23":{"name":"getBack","line":465,"loc":{"start":{"line":465,"column":4},"end":{"line":467,"column":4}}},"24":{"name":"returnNFT","line":474,"loc":{"start":{"line":474,"column":4},"end":{"line":492,"column":4}}},"25":{"name":"buy","line":503,"loc":{"start":{"line":503,"column":4},"end":{"line":558,"column":4}}},"26":{"name":"makeOffer","line":578,"loc":{"start":{"line":573,"column":4},"end":{"line":728,"column":4}}},"27":{"name":"cancelOffer","line":737,"loc":{"start":{"line":737,"column":4},"end":{"line":764,"column":4}}},"28":{"name":"chooseOffer","line":780,"loc":{"start":{"line":776,"column":4},"end":{"line":854,"column":4}}},"29":{"name":"getLotsLength","line":857,"loc":{"start":{"line":857,"column":4},"end":{"line":859,"column":4}}},"30":{"name":"getInfo","line":866,"loc":{"start":{"line":866,"column":4},"end":{"line":873,"column":4}}},"31":{"name":"onERC1155Received","line":889,"loc":{"start":{"line":883,"column":4},"end":{"line":923,"column":4}}},"32":{"name":"onERC721Received","line":937,"loc":{"start":{"line":932,"column":4},"end":{"line":971,"column":4}}},"33":{"name":"getLotsOffers","line":973,"loc":{"start":{"line":973,"column":4},"end":{"line":979,"column":4}}}},"statementMap":{"1":{"start":{"line":86,"column":8},"end":{"line":86,"column":24}},"2":{"start":{"line":87,"column":8},"end":{"line":87,"column":30}},"3":{"start":{"line":91,"column":8},"end":{"line":91,"column":15}},"4":{"start":{"line":95,"column":8},"end":{"line":95,"column":17}},"5":{"start":{"line":99,"column":8},"end":{"line":99,"column":58}},"6":{"start":{"line":101,"column":8},"end":{"line":101,"column":2913}},"7":{"start":{"line":108,"column":8},"end":{"line":108,"column":49}},"8":{"start":{"line":115,"column":8},"end":{"line":115,"column":3294}},"9":{"start":{"line":119,"column":8},"end":{"line":119,"column":24}},"10":{"start":{"line":123,"column":8},"end":{"line":123,"column":86}},"11":{"start":{"line":124,"column":8},"end":{"line":124,"column":76}},"12":{"start":{"line":136,"column":8},"end":{"line":136,"column":4010}},"13":{"start":{"line":140,"column":8},"end":{"line":140,"column":31}},"14":{"start":{"line":144,"column":8},"end":{"line":144,"column":4228}},"15":{"start":{"line":148,"column":8},"end":{"line":148,"column":38}},"16":{"start":{"line":161,"column":8},"end":{"line":161,"column":4603}},"17":{"start":{"line":162,"column":12},"end":{"line":162,"column":59}},"18":{"start":{"line":163,"column":12},"end":{"line":163,"column":67}},"19":{"start":{"line":165,"column":12},"end":{"line":165,"column":57}},"20":{"start":{"line":166,"column":12},"end":{"line":166,"column":60}},"21":{"start":{"line":175,"column":8},"end":{"line":175,"column":42}},"22":{"start":{"line":179,"column":8},"end":{"line":179,"column":58}},"23":{"start":{"line":183,"column":8},"end":{"line":183,"column":48}},"24":{"start":{"line":187,"column":8},"end":{"line":187,"column":47}},"25":{"start":{"line":195,"column":8},"end":{"line":195,"column":60}},"26":{"start":{"line":196,"column":8},"end":{"line":196,"column":5693}},"27":{"start":{"line":199,"column":8},"end":{"line":199,"column":5814}},"28":{"start":{"line":200,"column":12},"end":{"line":200,"column":5863}},"29":{"start":{"line":204,"column":8},"end":{"line":204,"column":5991}},"30":{"start":{"line":205,"column":12},"end":{"line":205,"column":6033}},"31":{"start":{"line":218,"column":8},"end":{"line":218,"column":52}},"32":{"start":{"line":219,"column":8},"end":{"line":219,"column":51}},"33":{"start":{"line":223,"column":8},"end":{"line":223,"column":43}},"34":{"start":{"line":246,"column":8},"end":{"line":246,"column":63}},"35":{"start":{"line":247,"column":8},"end":{"line":247,"column":7219}},"36":{"start":{"line":248,"column":12},"end":{"line":248,"column":7325}},"37":{"start":{"line":253,"column":8},"end":{"line":253,"column":7461}},"38":{"start":{"line":254,"column":12},"end":{"line":254,"column":7494}},"39":{"start":{"line":263,"column":12},"end":{"line":263,"column":7713}},"40":{"start":{"line":281,"column":12},"end":{"line":281,"column":8290}},"41":{"start":{"line":291,"column":12},"end":{"line":291,"column":8551}},"42":{"start":{"line":300,"column":12},"end":{"line":300,"column":8770}},"43":{"start":{"line":318,"column":12},"end":{"line":318,"column":9343}},"44":{"start":{"line":328,"column":8},"end":{"line":328,"column":49}},"45":{"start":{"line":353,"column":8},"end":{"line":353,"column":75}},"46":{"start":{"line":354,"column":8},"end":{"line":354,"column":39}},"47":{"start":{"line":355,"column":8},"end":{"line":355,"column":65}},"48":{"start":{"line":379,"column":8},"end":{"line":379,"column":71}},"49":{"start":{"line":380,"column":8},"end":{"line":380,"column":11414}},"50":{"start":{"line":381,"column":12},"end":{"line":381,"column":11485}},"51":{"start":{"line":389,"column":12},"end":{"line":389,"column":38}},"52":{"start":{"line":391,"column":8},"end":{"line":391,"column":51}},"53":{"start":{"line":395,"column":12},"end":{"line":395,"column":39}},"54":{"start":{"line":396,"column":12},"end":{"line":396,"column":36}},"55":{"start":{"line":397,"column":12},"end":{"line":397,"column":50}},"56":{"start":{"line":418,"column":8},"end":{"line":418,"column":12656}},"57":{"start":{"line":424,"column":8},"end":{"line":424,"column":12898}},"58":{"start":{"line":431,"column":8},"end":{"line":431,"column":13113}},"59":{"start":{"line":432,"column":12},"end":{"line":432,"column":33}},"60":{"start":{"line":435,"column":8},"end":{"line":435,"column":55}},"61":{"start":{"line":437,"column":8},"end":{"line":437,"column":13255}},"62":{"start":{"line":438,"column":12},"end":{"line":438,"column":60}},"63":{"start":{"line":446,"column":12},"end":{"line":446,"column":13553}},"64":{"start":{"line":450,"column":12},"end":{"line":450,"column":71}},"65":{"start":{"line":451,"column":12},"end":{"line":451,"column":47}},"66":{"start":{"line":452,"column":12},"end":{"line":452,"column":62}},"67":{"start":{"line":453,"column":12},"end":{"line":453,"column":13965}},"68":{"start":{"line":466,"column":8},"end":{"line":466,"column":29}},"69":{"start":{"line":475,"column":8},"end":{"line":475,"column":40}},"70":{"start":{"line":476,"column":8},"end":{"line":476,"column":91}},"71":{"start":{"line":478,"column":8},"end":{"line":478,"column":14721}},"72":{"start":{"line":504,"column":8},"end":{"line":504,"column":40}},"73":{"start":{"line":505,"column":8},"end":{"line":505,"column":15503}},"74":{"start":{"line":511,"column":8},"end":{"line":511,"column":15675}},"75":{"start":{"line":513,"column":12},"end":{"line":513,"column":59}},"76":{"start":{"line":514,"column":12},"end":{"line":514,"column":71}},"77":{"start":{"line":517,"column":12},"end":{"line":517,"column":66}},"78":{"start":{"line":518,"column":12},"end":{"line":518,"column":16017}},"79":{"start":{"line":523,"column":12},"end":{"line":523,"column":16178}},"80":{"start":{"line":524,"column":16},"end":{"line":524,"column":16231}},"81":{"start":{"line":531,"column":12},"end":{"line":531,"column":16449}},"82":{"start":{"line":534,"column":12},"end":{"line":534,"column":16582}},"83":{"start":{"line":535,"column":16},"end":{"line":535,"column":16624}},"84":{"start":{"line":543,"column":8},"end":{"line":543,"column":16849}},"85":{"start":{"line":552,"column":8},"end":{"line":552,"column":17089}},"86":{"start":{"line":579,"column":8},"end":{"line":579,"column":39}},"87":{"start":{"line":581,"column":8},"end":{"line":581,"column":18118}},"88":{"start":{"line":588,"column":8},"end":{"line":588,"column":18377}},"89":{"start":{"line":595,"column":8},"end":{"line":595,"column":18590}},"90":{"start":{"line":596,"column":12},"end":{"line":596,"column":18624}},"91":{"start":{"line":598,"column":16},"end":{"line":598,"column":18697}},"92":{"start":{"line":602,"column":16},"end":{"line":602,"column":73}},"93":{"start":{"line":603,"column":16},"end":{"line":603,"column":18892}},"94":{"start":{"line":619,"column":16},"end":{"line":619,"column":19441}},"95":{"start":{"line":620,"column":20},"end":{"line":620,"column":19513}},"96":{"start":{"line":626,"column":20},"end":{"line":626,"column":51}},"97":{"start":{"line":628,"column":16},"end":{"line":628,"column":19836}},"98":{"start":{"line":630,"column":20},"end":{"line":630,"column":19929}},"99":{"start":{"line":634,"column":20},"end":{"line":634,"column":65}},"100":{"start":{"line":635,"column":20},"end":{"line":635,"column":77}},"101":{"start":{"line":636,"column":20},"end":{"line":636,"column":20231}},"102":{"start":{"line":654,"column":12},"end":{"line":654,"column":20852}},"103":{"start":{"line":658,"column":12},"end":{"line":658,"column":20953}},"104":{"start":{"line":659,"column":16},"end":{"line":659,"column":21000}},"105":{"start":{"line":660,"column":20},"end":{"line":660,"column":21072}},"106":{"start":{"line":666,"column":20},"end":{"line":666,"column":51}},"107":{"start":{"line":669,"column":16},"end":{"line":669,"column":21396}},"108":{"start":{"line":671,"column":20},"end":{"line":671,"column":65}},"109":{"start":{"line":672,"column":20},"end":{"line":672,"column":21554}},"110":{"start":{"line":682,"column":20},"end":{"line":682,"column":65}},"111":{"start":{"line":683,"column":20},"end":{"line":683,"column":21967}},"112":{"start":{"line":701,"column":16},"end":{"line":701,"column":22638}},"113":{"start":{"line":718,"column":8},"end":{"line":718,"column":53}},"114":{"start":{"line":719,"column":8},"end":{"line":719,"column":47}},"115":{"start":{"line":720,"column":8},"end":{"line":720,"column":23300}},"116":{"start":{"line":738,"column":8},"end":{"line":738,"column":23768}},"117":{"start":{"line":742,"column":8},"end":{"line":742,"column":47}},"118":{"start":{"line":744,"column":8},"end":{"line":744,"column":23938}},"119":{"start":{"line":745,"column":12},"end":{"line":745,"column":24008}},"120":{"start":{"line":746,"column":16},"end":{"line":746,"column":71}},"121":{"start":{"line":748,"column":16},"end":{"line":748,"column":78}},"122":{"start":{"line":751,"column":12},"end":{"line":751,"column":67}},"123":{"start":{"line":752,"column":12},"end":{"line":752,"column":73}},"124":{"start":{"line":753,"column":12},"end":{"line":753,"column":24412}},"125":{"start":{"line":758,"column":8},"end":{"line":758,"column":24543}},"126":{"start":{"line":759,"column":12},"end":{"line":759,"column":24599}},"127":{"start":{"line":760,"column":16},"end":{"line":760,"column":53}},"128":{"start":{"line":781,"column":8},"end":{"line":781,"column":25404}},"129":{"start":{"line":786,"column":8},"end":{"line":786,"column":40}},"130":{"start":{"line":788,"column":8},"end":{"line":788,"column":25626}},"131":{"start":{"line":797,"column":8},"end":{"line":797,"column":48}},"132":{"start":{"line":799,"column":8},"end":{"line":799,"column":25958}},"133":{"start":{"line":801,"column":12},"end":{"line":801,"column":26032}},"134":{"start":{"line":802,"column":16},"end":{"line":802,"column":70}},"135":{"start":{"line":804,"column":16},"end":{"line":804,"column":26236}},"136":{"start":{"line":815,"column":8},"end":{"line":815,"column":26587}},"137":{"start":{"line":817,"column":12},"end":{"line":817,"column":26678}},"138":{"start":{"line":818,"column":16},"end":{"line":818,"column":26738}},"139":{"start":{"line":824,"column":16},"end":{"line":824,"column":67}},"140":{"start":{"line":828,"column":12},"end":{"line":828,"column":72}},"141":{"start":{"line":829,"column":12},"end":{"line":829,"column":27115}},"142":{"start":{"line":833,"column":12},"end":{"line":833,"column":27250}},"143":{"start":{"line":834,"column":16},"end":{"line":834,"column":27303}},"144":{"start":{"line":843,"column":12},"end":{"line":843,"column":27565}},"145":{"start":{"line":846,"column":12},"end":{"line":846,"column":27698}},"146":{"start":{"line":847,"column":16},"end":{"line":847,"column":27740}},"147":{"start":{"line":858,"column":8},"end":{"line":858,"column":27}},"148":{"start":{"line":871,"column":8},"end":{"line":871,"column":32}},"149":{"start":{"line":872,"column":8},"end":{"line":872,"column":36}},"150":{"start":{"line":890,"column":8},"end":{"line":890,"column":28992}},"151":{"start":{"line":894,"column":8},"end":{"line":894,"column":29091}},"152":{"start":{"line":895,"column":12},"end":{"line":895,"column":29140}},"153":{"start":{"line":896,"column":16},"end":{"line":896,"column":29204}},"154":{"start":{"line":908,"column":16},"end":{"line":908,"column":51}},"155":{"start":{"line":909,"column":16},"end":{"line":909,"column":29705}},"156":{"start":{"line":919,"column":16},"end":{"line":919,"column":27}},"157":{"start":{"line":922,"column":8},"end":{"line":922,"column":25}},"158":{"start":{"line":938,"column":8},"end":{"line":938,"column":30619}},"159":{"start":{"line":942,"column":8},"end":{"line":942,"column":30718}},"160":{"start":{"line":943,"column":12},"end":{"line":943,"column":30767}},"161":{"start":{"line":944,"column":16},"end":{"line":944,"column":30831}},"162":{"start":{"line":956,"column":16},"end":{"line":956,"column":51}},"163":{"start":{"line":957,"column":16},"end":{"line":957,"column":31329}},"164":{"start":{"line":967,"column":16},"end":{"line":967,"column":27}},"165":{"start":{"line":970,"column":8},"end":{"line":970,"column":25}},"166":{"start":{"line":978,"column":8},"end":{"line":978,"column":34}}},"branchMap":{"1":{"line":99,"type":"if","locations":[{"start":{"line":99,"column":8},"end":{"line":99,"column":8}},{"start":{"line":99,"column":8},"end":{"line":99,"column":8}}]},"2":{"line":115,"type":"if","locations":[{"start":{"line":115,"column":8},"end":{"line":115,"column":8}},{"start":{"line":115,"column":8},"end":{"line":115,"column":8}}]},"3":{"line":136,"type":"if","locations":[{"start":{"line":136,"column":8},"end":{"line":136,"column":8}},{"start":{"line":136,"column":8},"end":{"line":136,"column":8}}]},"4":{"line":144,"type":"if","locations":[{"start":{"line":144,"column":8},"end":{"line":144,"column":8}},{"start":{"line":144,"column":8},"end":{"line":144,"column":8}}]},"5":{"line":161,"type":"if","locations":[{"start":{"line":161,"column":8},"end":{"line":161,"column":8}},{"start":{"line":161,"column":8},"end":{"line":161,"column":8}}]},"6":{"line":199,"type":"if","locations":[{"start":{"line":199,"column":8},"end":{"line":199,"column":8}},{"start":{"line":199,"column":8},"end":{"line":199,"column":8}}]},"7":{"line":204,"type":"if","locations":[{"start":{"line":204,"column":8},"end":{"line":204,"column":8}},{"start":{"line":204,"column":8},"end":{"line":204,"column":8}}]},"8":{"line":246,"type":"if","locations":[{"start":{"line":246,"column":8},"end":{"line":246,"column":8}},{"start":{"line":246,"column":8},"end":{"line":246,"column":8}}]},"9":{"line":247,"type":"if","locations":[{"start":{"line":247,"column":8},"end":{"line":247,"column":8}},{"start":{"line":247,"column":8},"end":{"line":247,"column":8}}]},"10":{"line":253,"type":"if","locations":[{"start":{"line":253,"column":8},"end":{"line":253,"column":8}},{"start":{"line":253,"column":8},"end":{"line":253,"column":8}}]},"11":{"line":418,"type":"if","locations":[{"start":{"line":418,"column":8},"end":{"line":418,"column":8}},{"start":{"line":418,"column":8},"end":{"line":418,"column":8}}]},"12":{"line":424,"type":"if","locations":[{"start":{"line":424,"column":8},"end":{"line":424,"column":8}},{"start":{"line":424,"column":8},"end":{"line":424,"column":8}}]},"13":{"line":431,"type":"if","locations":[{"start":{"line":431,"column":8},"end":{"line":431,"column":8}},{"start":{"line":431,"column":8},"end":{"line":431,"column":8}}]},"14":{"line":435,"type":"if","locations":[{"start":{"line":435,"column":8},"end":{"line":435,"column":8}},{"start":{"line":435,"column":8},"end":{"line":435,"column":8}}]},"15":{"line":437,"type":"if","locations":[{"start":{"line":437,"column":8},"end":{"line":437,"column":8}},{"start":{"line":437,"column":8},"end":{"line":437,"column":8}}]},"16":{"line":476,"type":"if","locations":[{"start":{"line":476,"column":8},"end":{"line":476,"column":8}},{"start":{"line":476,"column":8},"end":{"line":476,"column":8}}]},"17":{"line":505,"type":"if","locations":[{"start":{"line":505,"column":8},"end":{"line":505,"column":8}},{"start":{"line":505,"column":8},"end":{"line":505,"column":8}}]},"18":{"line":511,"type":"if","locations":[{"start":{"line":511,"column":8},"end":{"line":511,"column":8}},{"start":{"line":511,"column":8},"end":{"line":511,"column":8}}]},"19":{"line":513,"type":"if","locations":[{"start":{"line":513,"column":12},"end":{"line":513,"column":12}},{"start":{"line":513,"column":12},"end":{"line":513,"column":12}}]},"20":{"line":523,"type":"if","locations":[{"start":{"line":523,"column":12},"end":{"line":523,"column":12}},{"start":{"line":523,"column":12},"end":{"line":523,"column":12}}]},"21":{"line":534,"type":"if","locations":[{"start":{"line":534,"column":12},"end":{"line":534,"column":12}},{"start":{"line":534,"column":12},"end":{"line":534,"column":12}}]},"22":{"line":581,"type":"if","locations":[{"start":{"line":581,"column":8},"end":{"line":581,"column":8}},{"start":{"line":581,"column":8},"end":{"line":581,"column":8}}]},"23":{"line":588,"type":"if","locations":[{"start":{"line":588,"column":8},"end":{"line":588,"column":8}},{"start":{"line":588,"column":8},"end":{"line":588,"column":8}}]},"24":{"line":595,"type":"if","locations":[{"start":{"line":595,"column":8},"end":{"line":595,"column":8}},{"start":{"line":595,"column":8},"end":{"line":595,"column":8}}]},"25":{"line":596,"type":"if","locations":[{"start":{"line":596,"column":12},"end":{"line":596,"column":12}},{"start":{"line":596,"column":12},"end":{"line":596,"column":12}}]},"26":{"line":598,"type":"if","locations":[{"start":{"line":598,"column":16},"end":{"line":598,"column":16}},{"start":{"line":598,"column":16},"end":{"line":598,"column":16}}]},"27":{"line":620,"type":"if","locations":[{"start":{"line":620,"column":20},"end":{"line":620,"column":20}},{"start":{"line":620,"column":20},"end":{"line":620,"column":20}}]},"28":{"line":628,"type":"if","locations":[{"start":{"line":628,"column":16},"end":{"line":628,"column":16}},{"start":{"line":628,"column":16},"end":{"line":628,"column":16}}]},"29":{"line":630,"type":"if","locations":[{"start":{"line":630,"column":20},"end":{"line":630,"column":20}},{"start":{"line":630,"column":20},"end":{"line":630,"column":20}}]},"30":{"line":654,"type":"if","locations":[{"start":{"line":654,"column":12},"end":{"line":654,"column":12}},{"start":{"line":654,"column":12},"end":{"line":654,"column":12}}]},"31":{"line":658,"type":"if","locations":[{"start":{"line":658,"column":12},"end":{"line":658,"column":12}},{"start":{"line":658,"column":12},"end":{"line":658,"column":12}}]},"32":{"line":660,"type":"if","locations":[{"start":{"line":660,"column":20},"end":{"line":660,"column":20}},{"start":{"line":660,"column":20},"end":{"line":660,"column":20}}]},"33":{"line":669,"type":"if","locations":[{"start":{"line":669,"column":16},"end":{"line":669,"column":16}},{"start":{"line":669,"column":16},"end":{"line":669,"column":16}}]},"34":{"line":738,"type":"if","locations":[{"start":{"line":738,"column":8},"end":{"line":738,"column":8}},{"start":{"line":738,"column":8},"end":{"line":738,"column":8}}]},"35":{"line":744,"type":"if","locations":[{"start":{"line":744,"column":8},"end":{"line":744,"column":8}},{"start":{"line":744,"column":8},"end":{"line":744,"column":8}}]},"36":{"line":745,"type":"if","locations":[{"start":{"line":745,"column":12},"end":{"line":745,"column":12}},{"start":{"line":745,"column":12},"end":{"line":745,"column":12}}]},"37":{"line":758,"type":"if","locations":[{"start":{"line":758,"column":8},"end":{"line":758,"column":8}},{"start":{"line":758,"column":8},"end":{"line":758,"column":8}}]},"38":{"line":781,"type":"if","locations":[{"start":{"line":781,"column":8},"end":{"line":781,"column":8}},{"start":{"line":781,"column":8},"end":{"line":781,"column":8}}]},"39":{"line":799,"type":"if","locations":[{"start":{"line":799,"column":8},"end":{"line":799,"column":8}},{"start":{"line":799,"column":8},"end":{"line":799,"column":8}}]},"40":{"line":815,"type":"if","locations":[{"start":{"line":815,"column":8},"end":{"line":815,"column":8}},{"start":{"line":815,"column":8},"end":{"line":815,"column":8}}]},"41":{"line":817,"type":"if","locations":[{"start":{"line":817,"column":12},"end":{"line":817,"column":12}},{"start":{"line":817,"column":12},"end":{"line":817,"column":12}}]},"42":{"line":833,"type":"if","locations":[{"start":{"line":833,"column":12},"end":{"line":833,"column":12}},{"start":{"line":833,"column":12},"end":{"line":833,"column":12}}]},"43":{"line":846,"type":"if","locations":[{"start":{"line":846,"column":12},"end":{"line":846,"column":12}},{"start":{"line":846,"column":12},"end":{"line":846,"column":12}}]},"44":{"line":890,"type":"if","locations":[{"start":{"line":890,"column":8},"end":{"line":890,"column":8}},{"start":{"line":890,"column":8},"end":{"line":890,"column":8}}]},"45":{"line":894,"type":"if","locations":[{"start":{"line":894,"column":8},"end":{"line":894,"column":8}},{"start":{"line":894,"column":8},"end":{"line":894,"column":8}}]},"46":{"line":895,"type":"if","locations":[{"start":{"line":895,"column":12},"end":{"line":895,"column":12}},{"start":{"line":895,"column":12},"end":{"line":895,"column":12}}]},"47":{"line":938,"type":"if","locations":[{"start":{"line":938,"column":8},"end":{"line":938,"column":8}},{"start":{"line":938,"column":8},"end":{"line":938,"column":8}}]},"48":{"line":942,"type":"if","locations":[{"start":{"line":942,"column":8},"end":{"line":942,"column":8}},{"start":{"line":942,"column":8},"end":{"line":942,"column":8}}]},"49":{"line":943,"type":"if","locations":[{"start":{"line":943,"column":12},"end":{"line":943,"column":12}},{"start":{"line":943,"column":12},"end":{"line":943,"column":12}}]}}},"contracts/tokens/ERC1155_prod.sol":{"l":{"22":0,"24":0,"25":0,"26":0,"30":0,"32":0,"33":0,"34":0,"37":0,"38":0,"39":0,"44":0,"49":0,"53":0,"55":0},"path":"/Users/olga/Documents/GitHub/nft-marketplace-contracts/contracts/tokens/ERC1155_prod.sol","s":{"1":0,"2":0,"3":0,"4":0,"5":0,"6":0,"7":0,"8":0,"9":0,"10":0,"11":0,"12":0,"13":0,"14":0},"b":{"1":[0,0],"2":[0,0],"3":[0,0],"4":[0,0]},"f":{"1":3,"2":0,"3":0,"4":0,"5":0,"6":0},"fnMap":{"1":{"name":"constructor","line":17,"loc":{"start":{"line":17,"column":4},"end":{"line":19,"column":4}}},"2":{"name":"mint","line":21,"loc":{"start":{"line":21,"column":4},"end":{"line":27,"column":4}}},"3":{"name":"batchMint","line":29,"loc":{"start":{"line":29,"column":4},"end":{"line":41,"column":4}}},"4":{"name":"_exists","line":43,"loc":{"start":{"line":43,"column":4},"end":{"line":45,"column":4}}},"5":{"name":"setBaseURI","line":48,"loc":{"start":{"line":48,"column":4},"end":{"line":50,"column":4}}},"6":{"name":"tokenURI","line":52,"loc":{"start":{"line":52,"column":4},"end":{"line":56,"column":4}}}},"statementMap":{"1":{"start":{"line":22,"column":8},"end":{"line":22,"column":93}},"2":{"start":{"line":24,"column":8},"end":{"line":24,"column":42}},"3":{"start":{"line":25,"column":8},"end":{"line":25,"column":42}},"4":{"start":{"line":26,"column":8},"end":{"line":26,"column":30}},"5":{"start":{"line":30,"column":8},"end":{"line":30,"column":116}},"6":{"start":{"line":32,"column":8},"end":{"line":32,"column":1164}},"7":{"start":{"line":33,"column":12},"end":{"line":33,"column":1228}},"8":{"start":{"line":37,"column":12},"end":{"line":37,"column":59}},"9":{"start":{"line":38,"column":12},"end":{"line":38,"column":36}},"10":{"start":{"line":39,"column":12},"end":{"line":39,"column":38}},"11":{"start":{"line":44,"column":8},"end":{"line":44,"column":35}},"12":{"start":{"line":49,"column":8},"end":{"line":49,"column":20}},"13":{"start":{"line":53,"column":8},"end":{"line":53,"column":85}},"14":{"start":{"line":55,"column":8},"end":{"line":55,"column":108}}},"branchMap":{"1":{"line":22,"type":"if","locations":[{"start":{"line":22,"column":8},"end":{"line":22,"column":8}},{"start":{"line":22,"column":8},"end":{"line":22,"column":8}}]},"2":{"line":30,"type":"if","locations":[{"start":{"line":30,"column":8},"end":{"line":30,"column":8}},{"start":{"line":30,"column":8},"end":{"line":30,"column":8}}]},"3":{"line":33,"type":"if","locations":[{"start":{"line":33,"column":12},"end":{"line":33,"column":12}},{"start":{"line":33,"column":12},"end":{"line":33,"column":12}}]},"4":{"line":53,"type":"if","locations":[{"start":{"line":53,"column":8},"end":{"line":53,"column":8}},{"start":{"line":53,"column":8},"end":{"line":53,"column":8}}]}}},"contracts/tokens/ERC1155_test.sol":{"l":{"13":19},"path":"/Users/olga/Documents/GitHub/nft-marketplace-contracts/contracts/tokens/ERC1155_test.sol","s":{"1":19},"b":{},"f":{"1":14,"2":19},"fnMap":{"1":{"name":"constructor","line":8,"loc":{"start":{"line":8,"column":2},"end":{"line":10,"column":2}}},"2":{"name":"mint","line":12,"loc":{"start":{"line":12,"column":2},"end":{"line":14,"column":2}}}},"statementMap":{"1":{"start":{"line":13,"column":6},"end":{"line":13,"column":37}}},"branchMap":{}},"contracts/tokens/ERC20_prod.sol":{"l":{"14":0,"18":0,"20":0,"21":0},"path":"/Users/olga/Documents/GitHub/nft-marketplace-contracts/contracts/tokens/ERC20_prod.sol","s":{"1":0,"2":0,"3":0,"4":0},"b":{"1":[0,0]},"f":{"1":3,"2":0,"3":0},"fnMap":{"1":{"name":"constructor","line":9,"loc":{"start":{"line":9,"column":4},"end":{"line":11,"column":4}}},"2":{"name":"mint","line":13,"loc":{"start":{"line":13,"column":4},"end":{"line":15,"column":4}}},"3":{"name":"batchMint","line":17,"loc":{"start":{"line":17,"column":4},"end":{"line":24,"column":4}}}},"statementMap":{"1":{"start":{"line":14,"column":8},"end":{"line":14,"column":29}},"2":{"start":{"line":18,"column":8},"end":{"line":18,"column":86}},"3":{"start":{"line":20,"column":8},"end":{"line":20,"column":588}},"4":{"start":{"line":21,"column":12},"end":{"line":21,"column":44}}},"branchMap":{"1":{"line":18,"type":"if","locations":[{"start":{"line":18,"column":8},"end":{"line":18,"column":8}},{"start":{"line":18,"column":8},"end":{"line":18,"column":8}}]}}},"contracts/tokens/ERC20_test.sol":{"l":{"13":13},"path":"/Users/olga/Documents/GitHub/nft-marketplace-contracts/contracts/tokens/ERC20_test.sol","s":{"1":13},"b":{},"f":{"1":13,"2":13},"fnMap":{"1":{"name":"constructor","line":8,"loc":{"start":{"line":8,"column":2},"end":{"line":10,"column":2}}},"2":{"name":"mint","line":12,"loc":{"start":{"line":12,"column":2},"end":{"line":14,"column":2}}}},"statementMap":{"1":{"start":{"line":13,"column":6},"end":{"line":13,"column":27}}},"branchMap":{}},"contracts/tokens/ERC721_prod.sol":{"l":{"13":3,"17":0,"19":0,"24":0,"26":0,"27":0,"29":0,"33":0,"37":0},"path":"/Users/olga/Documents/GitHub/nft-marketplace-contracts/contracts/tokens/ERC721_prod.sol","s":{"1":3,"2":0,"3":0,"4":0,"5":0,"6":0,"7":0,"8":0,"9":0},"b":{"1":[0,0],"2":[0,0]},"f":{"1":3,"2":0,"3":0,"4":0,"5":0},"fnMap":{"1":{"name":"constructor","line":12,"loc":{"start":{"line":12,"column":4},"end":{"line":14,"column":4}}},"2":{"name":"mint","line":16,"loc":{"start":{"line":16,"column":4},"end":{"line":20,"column":4}}},"3":{"name":"batchMint","line":23,"loc":{"start":{"line":23,"column":4},"end":{"line":30,"column":4}}},"4":{"name":"setBaseURI","line":32,"loc":{"start":{"line":32,"column":4},"end":{"line":34,"column":4}}},"5":{"name":"_baseURI","line":36,"loc":{"start":{"line":36,"column":4},"end":{"line":38,"column":4}}}},"statementMap":{"1":{"start":{"line":13,"column":8},"end":{"line":13,"column":25}},"2":{"start":{"line":17,"column":8},"end":{"line":17,"column":80}},"3":{"start":{"line":19,"column":8},"end":{"line":19,"column":37}},"4":{"start":{"line":24,"column":8},"end":{"line":24,"column":103}},"5":{"start":{"line":26,"column":8},"end":{"line":26,"column":794}},"6":{"start":{"line":27,"column":12},"end":{"line":27,"column":48}},"7":{"start":{"line":29,"column":8},"end":{"line":29,"column":38}},"8":{"start":{"line":33,"column":8},"end":{"line":33,"column":20}},"9":{"start":{"line":37,"column":8},"end":{"line":37,"column":22}}},"branchMap":{"1":{"line":17,"type":"if","locations":[{"start":{"line":17,"column":8},"end":{"line":17,"column":8}},{"start":{"line":17,"column":8},"end":{"line":17,"column":8}}]},"2":{"line":24,"type":"if","locations":[{"start":{"line":24,"column":8},"end":{"line":24,"column":8}},{"start":{"line":24,"column":8},"end":{"line":24,"column":8}}]}}},"contracts/tokens/ERC721.sol":{"l":{"13":66},"path":"/Users/olga/Documents/GitHub/nft-marketplace-contracts/contracts/tokens/ERC721.sol","s":{"1":66},"b":{},"f":{"1":13,"2":66},"fnMap":{"1":{"name":"constructor","line":8,"loc":{"start":{"line":8,"column":2},"end":{"line":10,"column":2}}},"2":{"name":"mint","line":12,"loc":{"start":{"line":12,"column":2},"end":{"line":14,"column":2}}}},"statementMap":{"1":{"start":{"line":13,"column":6},"end":{"line":13,"column":23}}},"branchMap":{}},"contracts/VariableType.sol":{"l":{},"path":"/Users/olga/Documents/GitHub/nft-marketplace-contracts/contracts/VariableType.sol","s":{},"b":{},"f":{},"fnMap":{},"statementMap":{},"branchMap":{}}}