{
"contracts/Auction.sol":{"l":{"17":7,"42":22,"57":4,"58":2,"59":2,"61":2,"62":2,"64":4,"65":4,"85":31,"86":31,"96":31,"100":25,"104":19,"105":17,"114":15,"115":15,"122":15,"123":7,"125":8,"127":15,"128":15,"144":50,"145":50,"155":50,"160":46,"161":21,"162":20,"166":12,"170":12,"171":8,"173":12,"180":12,"182":1,"183":1,"190":1,"196":25,"197":23,"198":23,"199":23,"200":22,"201":12,"202":8,"207":12,"208":12,"212":12,"216":12,"218":1,"219":1,"220":1,"224":1,"230":26,"231":26,"240":7,"241":7,"251":7,"252":5,"253":5,"254":2,"255":2,"256":0,"264":2,"273":3,"274":3,"275":1,"282":2,"290":5,"291":4,"294":4,"295":4,"296":2,"297":2,"298":2,"302":2,"303":0,"308":2,"309":2,"313":2,"314":2,"320":2,"321":0,"328":5,"329":5,"330":5,"334":4,"335":4,"345":4,"346":2,"347":1,"348":1,"356":1,"357":1,"364":2,"365":2,"366":2},"path":"/Users/olga/Documents/GitHub/nft-marketplace-contracts/contracts/Auction.sol","s":{"1":7,"2":22,"3":4,"4":2,"5":2,"6":2,"7":2,"8":4,"9":4,"10":31,"11":31,"12":31,"13":25,"14":19,"15":17,"16":15,"17":15,"18":15,"19":7,"20":8,"21":15,"22":15,"23":50,"24":50,"25":50,"26":46,"27":21,"28":20,"29":12,"30":12,"31":8,"32":12,"33":12,"34":1,"35":1,"36":1,"37":25,"38":23,"39":23,"40":23,"41":22,"42":12,"43":8,"44":12,"45":12,"46":12,"47":12,"48":1,"49":1,"50":1,"51":1,"52":26,"53":26,"54":7,"55":7,"56":7,"57":5,"58":5,"59":2,"60":2,"61":0,"62":2,"63":3,"64":3,"65":1,"66":2,"67":5,"68":4,"69":4,"70":4,"71":2,"72":2,"73":2,"74":2,"75":0,"76":2,"77":2,"78":2,"79":2,"80":2,"81":0,"82":5,"83":5,"84":4,"85":4,"86":4,"87":2,"88":1,"89":1,"90":1,"91":1,"92":2,"93":2},"b":{"1":[2,2],"2":[25,6],"3":[19,6],"4":[17,2],"5":[15,2],"6":[7,8],"7":[46,4],"8":[21,25],"9":[20,1],"10":[12,8],"11":[8,4],"12":[23,2],"13":[22,1],"14":[12,10],"15":[8,4],"16":[5,2],"17":[2,3],"18":[0,2],"19":[1,2],"20":[4,1],"21":[2,2],"22":[2,0],"23":[0,2],"24":[2,0],"25":[0,2],"26":[2,2],"27":[1,1]},"f":{"1":7,"2":22,"3":4,"4":31,"5":50,"6":7,"7":4},"fnMap":{"1":{"name":"constructor","line":16,"loc":{"start":{"line":16,"column":4},"end":{"line":18,"column":4}}},"2":{"name":"time","line":41,"loc":{"start":{"line":41,"column":4},"end":{"line":43,"column":4}}},"3":{"name":"createAuction","line":45,"loc":{"start":{"line":45,"column":4},"end":{"line":66,"column":4}}},"4":{"name":"startAuction","line":77,"loc":{"start":{"line":77,"column":4},"end":{"line":136,"column":4}}},"5":{"name":"makeBid","line":143,"loc":{"start":{"line":143,"column":4},"end":{"line":232,"column":4}}},"6":{"name":"endAuction","line":239,"loc":{"start":{"line":239,"column":4},"end":{"line":331,"column":4}}},"7":{"name":"finishAuction","line":333,"loc":{"start":{"line":333,"column":4},"end":{"line":367,"column":4}}}},"statementMap":{"1":{"start":{"line":17,"column":8},"end":{"line":17,"column":43}},"2":{"start":{"line":42,"column":8},"end":{"line":42,"column":30}},"3":{"start":{"line":57,"column":8},"end":{"line":57,"column":1473}},"4":{"start":{"line":58,"column":12},"end":{"line":58,"column":59}},"5":{"start":{"line":59,"column":12},"end":{"line":59,"column":91}},"6":{"start":{"line":61,"column":12},"end":{"line":61,"column":57}},"7":{"start":{"line":62,"column":12},"end":{"line":62,"column":84}},"8":{"start":{"line":64,"column":8},"end":{"line":64,"column":55}},"9":{"start":{"line":65,"column":8},"end":{"line":65,"column":74}},"10":{"start":{"line":85,"column":8},"end":{"line":85,"column":26}},"11":{"start":{"line":86,"column":8},"end":{"line":86,"column":2595}},"12":{"start":{"line":96,"column":8},"end":{"line":96,"column":2828}},"13":{"start":{"line":100,"column":8},"end":{"line":100,"column":3034}},"14":{"start":{"line":104,"column":8},"end":{"line":104,"column":94}},"15":{"start":{"line":105,"column":8},"end":{"line":105,"column":3268}},"16":{"start":{"line":114,"column":8},"end":{"line":114,"column":36}},"17":{"start":{"line":115,"column":8},"end":{"line":115,"column":3586}},"18":{"start":{"line":122,"column":8},"end":{"line":122,"column":3739}},"19":{"start":{"line":123,"column":12},"end":{"line":123,"column":51}},"20":{"start":{"line":125,"column":12},"end":{"line":125,"column":51}},"21":{"start":{"line":127,"column":8},"end":{"line":127,"column":41}},"22":{"start":{"line":128,"column":8},"end":{"line":128,"column":3963}},"23":{"start":{"line":144,"column":8},"end":{"line":144,"column":26}},"24":{"start":{"line":145,"column":8},"end":{"line":145,"column":4402}},"25":{"start":{"line":155,"column":8},"end":{"line":155,"column":4635}},"26":{"start":{"line":160,"column":8},"end":{"line":160,"column":4847}},"27":{"start":{"line":161,"column":12},"end":{"line":161,"column":4912}},"28":{"start":{"line":162,"column":16},"end":{"line":162,"column":4973}},"29":{"start":{"line":166,"column":16},"end":{"line":166,"column":5121}},"30":{"start":{"line":170,"column":16},"end":{"line":170,"column":5264}},"31":{"start":{"line":171,"column":20},"end":{"line":171,"column":78}},"32":{"start":{"line":173,"column":16},"end":{"line":173,"column":5413}},"33":{"start":{"line":180,"column":16},"end":{"line":180,"column":47}},"34":{"start":{"line":182,"column":16},"end":{"line":182,"column":67}},"35":{"start":{"line":183,"column":16},"end":{"line":183,"column":5807}},"36":{"start":{"line":190,"column":16},"end":{"line":190,"column":6065}},"37":{"start":{"line":196,"column":12},"end":{"line":196,"column":52}},"38":{"start":{"line":197,"column":12},"end":{"line":197,"column":66}},"39":{"start":{"line":198,"column":12},"end":{"line":198,"column":72}},"40":{"start":{"line":199,"column":12},"end":{"line":199,"column":6427}},"41":{"start":{"line":200,"column":16},"end":{"line":200,"column":77}},"42":{"start":{"line":201,"column":16},"end":{"line":201,"column":6568}},"43":{"start":{"line":202,"column":20},"end":{"line":202,"column":6626}},"44":{"start":{"line":207,"column":16},"end":{"line":207,"column":44}},"45":{"start":{"line":208,"column":16},"end":{"line":208,"column":6847}},"46":{"start":{"line":212,"column":16},"end":{"line":212,"column":7006}},"47":{"start":{"line":216,"column":16},"end":{"line":216,"column":47}},"48":{"start":{"line":218,"column":16},"end":{"line":218,"column":64}},"49":{"start":{"line":219,"column":16},"end":{"line":219,"column":46}},"50":{"start":{"line":220,"column":16},"end":{"line":220,"column":7336}},"51":{"start":{"line":224,"column":16},"end":{"line":224,"column":7499}},"52":{"start":{"line":230,"column":8},"end":{"line":230,"column":41}},"53":{"start":{"line":231,"column":8},"end":{"line":231,"column":94}},"54":{"start":{"line":240,"column":8},"end":{"line":240,"column":26}},"55":{"start":{"line":241,"column":8},"end":{"line":241,"column":8095}},"56":{"start":{"line":251,"column":8},"end":{"line":251,"column":112}},"57":{"start":{"line":252,"column":8},"end":{"line":252,"column":57}},"58":{"start":{"line":253,"column":8},"end":{"line":253,"column":8502}},"59":{"start":{"line":254,"column":12},"end":{"line":254,"column":76}},"60":{"start":{"line":255,"column":12},"end":{"line":255,"column":8625}},"61":{"start":{"line":256,"column":16},"end":{"line":256,"column":8679}},"62":{"start":{"line":264,"column":16},"end":{"line":264,"column":8963}},"63":{"start":{"line":273,"column":12},"end":{"line":273,"column":74}},"64":{"start":{"line":274,"column":12},"end":{"line":274,"column":9322}},"65":{"start":{"line":275,"column":16},"end":{"line":275,"column":9376}},"66":{"start":{"line":282,"column":16},"end":{"line":282,"column":9615}},"67":{"start":{"line":290,"column":8},"end":{"line":290,"column":9838}},"68":{"start":{"line":291,"column":12},"end":{"line":291,"column":9889}},"69":{"start":{"line":294,"column":12},"end":{"line":294,"column":69}},"70":{"start":{"line":295,"column":12},"end":{"line":295,"column":10098}},"71":{"start":{"line":296,"column":16},"end":{"line":296,"column":78}},"72":{"start":{"line":297,"column":16},"end":{"line":297,"column":10248}},"73":{"start":{"line":298,"column":20},"end":{"line":298,"column":10300}},"74":{"start":{"line":302,"column":16},"end":{"line":302,"column":10472}},"75":{"start":{"line":303,"column":20},"end":{"line":303,"column":10518}},"76":{"start":{"line":308,"column":16},"end":{"line":308,"column":70}},"77":{"start":{"line":309,"column":16},"end":{"line":309,"column":10756}},"78":{"start":{"line":313,"column":16},"end":{"line":313,"column":10901}},"79":{"start":{"line":314,"column":20},"end":{"line":314,"column":10953}},"80":{"start":{"line":320,"column":16},"end":{"line":320,"column":11183}},"81":{"start":{"line":321,"column":20},"end":{"line":321,"column":11229}},"82":{"start":{"line":329,"column":8},"end":{"line":329,"column":41}},"83":{"start":{"line":330,"column":8},"end":{"line":330,"column":79}},"84":{"start":{"line":334,"column":8},"end":{"line":334,"column":26}},"85":{"start":{"line":335,"column":8},"end":{"line":335,"column":11690}},"86":{"start":{"line":345,"column":8},"end":{"line":345,"column":92}},"87":{"start":{"line":346,"column":8},"end":{"line":346,"column":12018}},"88":{"start":{"line":347,"column":12},"end":{"line":347,"column":76}},"89":{"start":{"line":348,"column":12},"end":{"line":348,"column":12141}},"90":{"start":{"line":356,"column":12},"end":{"line":356,"column":74}},"91":{"start":{"line":357,"column":12},"end":{"line":357,"column":12469}},"92":{"start":{"line":365,"column":8},"end":{"line":365,"column":41}},"93":{"start":{"line":366,"column":8},"end":{"line":366,"column":78}}},"branchMap":{"1":{"line":57,"type":"if","locations":[{"start":{"line":57,"column":8},"end":{"line":57,"column":8}},{"start":{"line":57,"column":8},"end":{"line":57,"column":8}}]},"2":{"line":96,"type":"if","locations":[{"start":{"line":96,"column":8},"end":{"line":96,"column":8}},{"start":{"line":96,"column":8},"end":{"line":96,"column":8}}]},"3":{"line":100,"type":"if","locations":[{"start":{"line":100,"column":8},"end":{"line":100,"column":8}},{"start":{"line":100,"column":8},"end":{"line":100,"column":8}}]},"4":{"line":104,"type":"if","locations":[{"start":{"line":104,"column":8},"end":{"line":104,"column":8}},{"start":{"line":104,"column":8},"end":{"line":104,"column":8}}]},"5":{"line":105,"type":"if","locations":[{"start":{"line":105,"column":8},"end":{"line":105,"column":8}},{"start":{"line":105,"column":8},"end":{"line":105,"column":8}}]},"6":{"line":122,"type":"if","locations":[{"start":{"line":122,"column":8},"end":{"line":122,"column":8}},{"start":{"line":122,"column":8},"end":{"line":122,"column":8}}]},"7":{"line":155,"type":"if","locations":[{"start":{"line":155,"column":8},"end":{"line":155,"column":8}},{"start":{"line":155,"column":8},"end":{"line":155,"column":8}}]},"8":{"line":160,"type":"if","locations":[{"start":{"line":160,"column":8},"end":{"line":160,"column":8}},{"start":{"line":160,"column":8},"end":{"line":160,"column":8}}]},"9":{"line":161,"type":"if","locations":[{"start":{"line":161,"column":12},"end":{"line":161,"column":12}},{"start":{"line":161,"column":12},"end":{"line":161,"column":12}}]},"10":{"line":162,"type":"if","locations":[{"start":{"line":162,"column":16},"end":{"line":162,"column":16}},{"start":{"line":162,"column":16},"end":{"line":162,"column":16}}]},"11":{"line":170,"type":"if","locations":[{"start":{"line":170,"column":16},"end":{"line":170,"column":16}},{"start":{"line":170,"column":16},"end":{"line":170,"column":16}}]},"12":{"line":196,"type":"if","locations":[{"start":{"line":196,"column":12},"end":{"line":196,"column":12}},{"start":{"line":196,"column":12},"end":{"line":196,"column":12}}]},"13":{"line":199,"type":"if","locations":[{"start":{"line":199,"column":12},"end":{"line":199,"column":12}},{"start":{"line":199,"column":12},"end":{"line":199,"column":12}}]},"14":{"line":200,"type":"if","locations":[{"start":{"line":200,"column":16},"end":{"line":200,"column":16}},{"start":{"line":200,"column":16},"end":{"line":200,"column":16}}]},"15":{"line":201,"type":"if","locations":[{"start":{"line":201,"column":16},"end":{"line":201,"column":16}},{"start":{"line":201,"column":16},"end":{"line":201,"column":16}}]},"16":{"line":251,"type":"if","locations":[{"start":{"line":251,"column":8},"end":{"line":251,"column":8}},{"start":{"line":251,"column":8},"end":{"line":251,"column":8}}]},"17":{"line":253,"type":"if","locations":[{"start":{"line":253,"column":8},"end":{"line":253,"column":8}},{"start":{"line":253,"column":8},"end":{"line":253,"column":8}}]},"18":{"line":255,"type":"if","locations":[{"start":{"line":255,"column":12},"end":{"line":255,"column":12}},{"start":{"line":255,"column":12},"end":{"line":255,"column":12}}]},"19":{"line":274,"type":"if","locations":[{"start":{"line":274,"column":12},"end":{"line":274,"column":12}},{"start":{"line":274,"column":12},"end":{"line":274,"column":12}}]},"20":{"line":290,"type":"if","locations":[{"start":{"line":290,"column":8},"end":{"line":290,"column":8}},{"start":{"line":290,"column":8},"end":{"line":290,"column":8}}]},"21":{"line":295,"type":"if","locations":[{"start":{"line":295,"column":12},"end":{"line":295,"column":12}},{"start":{"line":295,"column":12},"end":{"line":295,"column":12}}]},"22":{"line":297,"type":"if","locations":[{"start":{"line":297,"column":16},"end":{"line":297,"column":16}},{"start":{"line":297,"column":16},"end":{"line":297,"column":16}}]},"23":{"line":302,"type":"if","locations":[{"start":{"line":302,"column":16},"end":{"line":302,"column":16}},{"start":{"line":302,"column":16},"end":{"line":302,"column":16}}]},"24":{"line":313,"type":"if","locations":[{"start":{"line":313,"column":16},"end":{"line":313,"column":16}},{"start":{"line":313,"column":16},"end":{"line":313,"column":16}}]},"25":{"line":320,"type":"if","locations":[{"start":{"line":320,"column":16},"end":{"line":320,"column":16}},{"start":{"line":320,"column":16},"end":{"line":320,"column":16}}]},"26":{"line":345,"type":"if","locations":[{"start":{"line":345,"column":8},"end":{"line":345,"column":8}},{"start":{"line":345,"column":8},"end":{"line":345,"column":8}}]},"27":{"line":346,"type":"if","locations":[{"start":{"line":346,"column":8},"end":{"line":346,"column":8}},{"start":{"line":346,"column":8},"end":{"line":346,"column":8}}]}}},
"contracts/NFTMarketplace.sol":{"l":{"85":38,"86":36,"94":3,"95":3,"96":3,"100":4,"107":6,"108":2,"115":6,"119":2,"125":48,"129":48,"138":14,"139":12,"146":11,"154":54,"171":14,"175":10,"188":18,"189":18,"206":18,"207":18,"208":16,"209":16,"210":16,"223":211,"224":134,"225":134,"227":77,"228":77,"237":14,"245":8,"246":8,"247":7,"251":8,"252":0,"268":12,"269":12,"273":2,"296":170,"297":166,"298":103,"307":93,"325":93,"335":63,"344":55,"362":55,"372":148,"397":7,"398":5,"399":5,"423":4,"424":4,"425":4,"433":4,"435":4,"439":36,"440":36,"441":36,"462":44,"468":40,"476":38,"477":36,"478":12,"479":12,"486":24,"490":24,"491":24,"492":24,"493":24,"506":10,"515":19,"516":19,"517":11,"518":11,"527":11,"544":19,"545":19,"550":9,"551":9,"553":5,"554":3,"557":4,"558":4,"563":4,"564":4,"570":4,"571":0,"581":7,"590":7,"618":46,"625":45,"633":43,"634":19,"636":8,"640":6,"641":4,"657":11,"658":22,"664":22,"666":11,"668":6,"672":6,"673":6,"690":5,"694":5,"705":24,"709":20,"711":5,"728":15,"745":35,"746":35,"747":35,"764":12,"768":10,"769":10,"770":10,"771":6,"772":2,"774":4,"777":4,"778":4,"779":4,"784":10,"785":5,"786":9,"789":10,"807":13,"812":11,"813":11,"814":11,"823":11,"824":11,"825":11,"827":7,"828":16,"829":16,"830":16,"841":11,"843":8,"844":5,"850":3,"854":3,"855":3,"859":3,"860":3,"868":3,"869":0,"878":11,"886":30,"894":53,"898":17,"911":134,"912":134,"930":107,"934":97,"935":4,"936":2,"948":2,"949":2,"959":2,"962":95,"978":67,"982":59,"983":4,"984":2,"996":2,"997":2,"1007":2,"1010":57},"path":"/Users/olga/Documents/GitHub/nft-marketplace-contracts/contracts/NFTMarketplace.sol","s":{"1":38,"2":3,"3":3,"4":3,"5":4,"6":6,"7":2,"8":6,"9":2,"10":48,"11":48,"12":14,"13":12,"14":11,"15":54,"16":14,"17":10,"18":18,"19":18,"20":18,"21":18,"22":16,"23":16,"24":16,"25":211,"26":134,"27":134,"28":77,"29":77,"30":14,"31":8,"32":8,"33":7,"34":8,"35":0,"36":12,"37":12,"38":2,"39":170,"40":166,"41":103,"42":93,"43":93,"44":63,"45":55,"46":55,"47":148,"48":7,"49":5,"50":5,"51":4,"52":4,"53":4,"54":4,"55":4,"56":36,"57":36,"58":36,"59":44,"60":40,"61":38,"62":36,"63":12,"64":12,"65":24,"66":24,"67":24,"68":24,"69":24,"70":10,"71":19,"72":19,"73":11,"74":11,"75":19,"76":19,"77":9,"78":5,"79":3,"80":4,"81":4,"82":4,"83":4,"84":4,"85":0,"86":7,"87":7,"88":46,"89":45,"90":43,"91":19,"92":8,"93":6,"94":4,"95":11,"96":22,"97":22,"98":11,"99":6,"100":6,"101":6,"102":5,"103":5,"104":24,"105":20,"106":5,"107":15,"108":35,"109":35,"110":35,"111":12,"112":10,"113":10,"114":6,"115":2,"116":4,"117":4,"118":4,"119":4,"120":10,"121":5,"122":9,"123":10,"124":13,"125":11,"126":11,"127":11,"128":11,"129":7,"130":16,"131":16,"132":11,"133":8,"134":5,"135":3,"136":3,"137":3,"138":3,"139":3,"140":3,"141":0,"142":11,"143":30,"144":53,"145":17,"146":134,"147":134,"148":107,"149":97,"150":4,"151":2,"152":2,"153":2,"154":2,"155":95,"156":67,"157":59,"158":4,"159":2,"160":2,"161":2,"162":2,"163":57},"b":{"1":[36,2],"2":[2,4],"3":[2,4],"4":[48,0],"5":[12,2],"6":[10,4],"7":[16,2],"8":[134,77],"9":[7,1],"10":[0,8],"11":[166,4],"12":[103,63],"13":[40,4],"14":[38,2],"15":[36,2],"16":[12,24],"17":[11,8],"18":[9,10],"19":[5,4],"20":[3,2],"21":[4,0],"22":[0,4],"23":[45,1],"24":[43,2],"25":[19,24],"26":[8,11],"27":[6,2],"28":[22,0],"29":[6,5],"30":[6,0],"31":[5,0],"32":[20,4],"33":[5,15],"34":[10,2],"35":[6,4],"36":[2,4],"37":[5,5],"38":[11,2],"39":[7,4],"40":[8,3],"41":[5,3],"42":[3,0],"43":[0,3],"44":[97,10],"45":[4,93],"46":[2,2],"47":[59,8],"48":[4,55],"49":[2,2]},"f":{"1":38,"2":3,"3":4,"4":6,"5":6,"6":48,"7":14,"8":11,"9":54,"10":14,"11":18,"12":18,"13":211,"14":14,"15":8,"16":12,"17":2,"18":170,"19":7,"20":4,"21":36,"22":44,"23":10,"24":19,"25":19,"26":46,"27":12,"28":13,"29":30,"30":53,"31":17,"32":134,"33":107,"34":67},"fnMap":{"1":{"name":"checkContract","line":84,"loc":{"start":{"line":84,"column":4},"end":{"line":87,"column":4}}},"2":{"name":"constructor","line":89,"loc":{"start":{"line":89,"column":4},"end":{"line":97,"column":4}}},"3":{"name":"setAuctionContract","line":99,"loc":{"start":{"line":99,"column":4},"end":{"line":101,"column":4}}},"4":{"name":"setCollectionCommission","line":105,"loc":{"start":{"line":103,"column":4},"end":{"line":109,"column":4}}},"5":{"name":"setCollectionOwner","line":113,"loc":{"start":{"line":111,"column":4},"end":{"line":120,"column":4}}},"6":{"name":"auctionLot","line":122,"loc":{"start":{"line":122,"column":4},"end":{"line":130,"column":4}}},"7":{"name":"setMarketCommission","line":137,"loc":{"start":{"line":137,"column":4},"end":{"line":140,"column":4}}},"8":{"name":"setOfferCommission","line":145,"loc":{"start":{"line":145,"column":4},"end":{"line":147,"column":4}}},"9":{"name":"calculateCommission","line":149,"loc":{"start":{"line":149,"column":4},"end":{"line":160,"column":4}}},"10":{"name":"setWallet","line":170,"loc":{"start":{"line":170,"column":4},"end":{"line":176,"column":4}}},"11":{"name":"setNFT_Collection","line":186,"loc":{"start":{"line":183,"column":4},"end":{"line":193,"column":4}}},"12":{"name":"setERC20_Support","line":205,"loc":{"start":{"line":201,"column":4},"end":{"line":212,"column":4}}},"13":{"name":"sendNFT","line":214,"loc":{"start":{"line":214,"column":4},"end":{"line":230,"column":4}}},"14":{"name":"calculateMarket","line":232,"loc":{"start":{"line":232,"column":4},"end":{"line":238,"column":4}}},"15":{"name":"sendCrypto","line":240,"loc":{"start":{"line":240,"column":4},"end":{"line":260,"column":4}}},"16":{"name":"sendERC20","line":262,"loc":{"start":{"line":262,"column":4},"end":{"line":270,"column":4}}},"17":{"name":"getNextStep","line":272,"loc":{"start":{"line":272,"column":4},"end":{"line":274,"column":4}}},"18":{"name":"add","line":288,"loc":{"start":{"line":288,"column":4},"end":{"line":373,"column":4}}},"19":{"name":"NFT_Sale","line":386,"loc":{"start":{"line":386,"column":4},"end":{"line":400,"column":4}}},"20":{"name":"NFT_Offer","line":413,"loc":{"start":{"line":413,"column":4},"end":{"line":436,"column":4}}},"21":{"name":"exchangeSell","line":438,"loc":{"start":{"line":438,"column":4},"end":{"line":442,"column":4}}},"22":{"name":"sell","line":455,"loc":{"start":{"line":455,"column":4},"end":{"line":503,"column":4}}},"23":{"name":"getBack","line":505,"loc":{"start":{"line":505,"column":4},"end":{"line":507,"column":4}}},"24":{"name":"returnNFT","line":514,"loc":{"start":{"line":514,"column":4},"end":{"line":532,"column":4}}},"25":{"name":"buy","line":543,"loc":{"start":{"line":543,"column":4},"end":{"line":596,"column":4}}},"26":{"name":"makeOffer","line":611,"loc":{"start":{"line":611,"column":4},"end":{"line":754,"column":4}}},"27":{"name":"cancelOffer","line":763,"loc":{"start":{"line":763,"column":4},"end":{"line":790,"column":4}}},"28":{"name":"chooseOffer","line":802,"loc":{"start":{"line":802,"column":4},"end":{"line":879,"column":4}}},"29":{"name":"getLotsOffers","line":881,"loc":{"start":{"line":881,"column":4},"end":{"line":887,"column":4}}},"30":{"name":"getLots","line":889,"loc":{"start":{"line":889,"column":4},"end":{"line":895,"column":4}}},"31":{"name":"getLotsLength","line":897,"loc":{"start":{"line":897,"column":4},"end":{"line":899,"column":4}}},"32":{"name":"getInfo","line":906,"loc":{"start":{"line":906,"column":4},"end":{"line":913,"column":4}}},"33":{"name":"onERC1155Received","line":923,"loc":{"start":{"line":923,"column":4},"end":{"line":963,"column":4}}},"34":{"name":"onERC721Received","line":972,"loc":{"start":{"line":972,"column":4},"end":{"line":1011,"column":4}}}},"statementMap":{"1":{"start":{"line":85,"column":8},"end":{"line":85,"column":56}},"2":{"start":{"line":94,"column":8},"end":{"line":94,"column":38}},"3":{"start":{"line":95,"column":8},"end":{"line":95,"column":42}},"4":{"start":{"line":96,"column":8},"end":{"line":96,"column":24}},"5":{"start":{"line":100,"column":8},"end":{"line":100,"column":49}},"6":{"start":{"line":107,"column":8},"end":{"line":107,"column":107}},"7":{"start":{"line":108,"column":8},"end":{"line":108,"column":55}},"8":{"start":{"line":115,"column":8},"end":{"line":115,"column":3701}},"9":{"start":{"line":119,"column":8},"end":{"line":119,"column":49}},"10":{"start":{"line":125,"column":8},"end":{"line":125,"column":3980}},"11":{"start":{"line":129,"column":8},"end":{"line":129,"column":24}},"12":{"start":{"line":138,"column":8},"end":{"line":138,"column":39}},"13":{"start":{"line":139,"column":8},"end":{"line":139,"column":36}},"14":{"start":{"line":146,"column":8},"end":{"line":146,"column":34}},"15":{"start":{"line":154,"column":8},"end":{"line":154,"column":4767}},"16":{"start":{"line":171,"column":8},"end":{"line":171,"column":5249}},"17":{"start":{"line":175,"column":8},"end":{"line":175,"column":31}},"18":{"start":{"line":188,"column":8},"end":{"line":188,"column":53}},"19":{"start":{"line":189,"column":8},"end":{"line":189,"column":5852}},"20":{"start":{"line":206,"column":8},"end":{"line":206,"column":6463}},"21":{"start":{"line":207,"column":12},"end":{"line":207,"column":61}},"22":{"start":{"line":208,"column":12},"end":{"line":208,"column":41}},"23":{"start":{"line":209,"column":12},"end":{"line":209,"column":43}},"24":{"start":{"line":210,"column":12},"end":{"line":210,"column":77}},"25":{"start":{"line":223,"column":8},"end":{"line":223,"column":6982}},"26":{"start":{"line":224,"column":12},"end":{"line":224,"column":59}},"27":{"start":{"line":225,"column":12},"end":{"line":225,"column":67}},"28":{"start":{"line":227,"column":12},"end":{"line":227,"column":57}},"29":{"start":{"line":228,"column":12},"end":{"line":228,"column":60}},"30":{"start":{"line":237,"column":8},"end":{"line":237,"column":42}},"31":{"start":{"line":245,"column":8},"end":{"line":245,"column":60}},"32":{"start":{"line":246,"column":8},"end":{"line":246,"column":7668}},"33":{"start":{"line":247,"column":12},"end":{"line":247,"column":7712}},"34":{"start":{"line":251,"column":8},"end":{"line":251,"column":7835}},"35":{"start":{"line":252,"column":12},"end":{"line":252,"column":7923}},"36":{"start":{"line":268,"column":8},"end":{"line":268,"column":52}},"37":{"start":{"line":269,"column":8},"end":{"line":269,"column":51}},"38":{"start":{"line":273,"column":8},"end":{"line":273,"column":43}},"39":{"start":{"line":296,"column":8},"end":{"line":296,"column":65}},"40":{"start":{"line":297,"column":8},"end":{"line":297,"column":9260}},"41":{"start":{"line":298,"column":12},"end":{"line":298,"column":9301}},"42":{"start":{"line":307,"column":12},"end":{"line":307,"column":9520}},"43":{"start":{"line":325,"column":12},"end":{"line":325,"column":10101}},"44":{"start":{"line":335,"column":12},"end":{"line":335,"column":10362}},"45":{"start":{"line":344,"column":12},"end":{"line":344,"column":10581}},"46":{"start":{"line":362,"column":12},"end":{"line":362,"column":11158}},"47":{"start":{"line":372,"column":8},"end":{"line":372,"column":49}},"48":{"start":{"line":397,"column":8},"end":{"line":397,"column":75}},"49":{"start":{"line":398,"column":8},"end":{"line":398,"column":39}},"50":{"start":{"line":399,"column":8},"end":{"line":399,"column":65}},"51":{"start":{"line":423,"column":8},"end":{"line":423,"column":71}},"52":{"start":{"line":424,"column":8},"end":{"line":424,"column":13201}},"53":{"start":{"line":425,"column":12},"end":{"line":425,"column":13272}},"54":{"start":{"line":433,"column":12},"end":{"line":433,"column":38}},"55":{"start":{"line":435,"column":8},"end":{"line":435,"column":51}},"56":{"start":{"line":439,"column":12},"end":{"line":439,"column":39}},"57":{"start":{"line":440,"column":12},"end":{"line":440,"column":36}},"58":{"start":{"line":441,"column":12},"end":{"line":441,"column":50}},"59":{"start":{"line":462,"column":8},"end":{"line":462,"column":14429}},"60":{"start":{"line":468,"column":8},"end":{"line":468,"column":14679}},"61":{"start":{"line":476,"column":8},"end":{"line":476,"column":81}},"62":{"start":{"line":477,"column":8},"end":{"line":477,"column":15003}},"63":{"start":{"line":478,"column":12},"end":{"line":478,"column":60}},"64":{"start":{"line":479,"column":12},"end":{"line":479,"column":15101}},"65":{"start":{"line":486,"column":12},"end":{"line":486,"column":15283}},"66":{"start":{"line":490,"column":12},"end":{"line":490,"column":71}},"67":{"start":{"line":491,"column":12},"end":{"line":491,"column":47}},"68":{"start":{"line":492,"column":12},"end":{"line":492,"column":62}},"69":{"start":{"line":493,"column":12},"end":{"line":493,"column":15695}},"70":{"start":{"line":506,"column":8},"end":{"line":506,"column":29}},"71":{"start":{"line":515,"column":8},"end":{"line":515,"column":40}},"72":{"start":{"line":516,"column":8},"end":{"line":516,"column":91}},"73":{"start":{"line":518,"column":8},"end":{"line":518,"column":16451}},"74":{"start":{"line":527,"column":8},"end":{"line":527,"column":16703}},"75":{"start":{"line":544,"column":8},"end":{"line":544,"column":40}},"76":{"start":{"line":545,"column":8},"end":{"line":545,"column":17204}},"77":{"start":{"line":551,"column":8},"end":{"line":551,"column":17376}},"78":{"start":{"line":553,"column":12},"end":{"line":553,"column":59}},"79":{"start":{"line":554,"column":12},"end":{"line":554,"column":71}},"80":{"start":{"line":557,"column":12},"end":{"line":557,"column":66}},"81":{"start":{"line":558,"column":12},"end":{"line":558,"column":17718}},"82":{"start":{"line":563,"column":12},"end":{"line":563,"column":17879}},"83":{"start":{"line":564,"column":16},"end":{"line":564,"column":17927}},"84":{"start":{"line":570,"column":12},"end":{"line":570,"column":18138}},"85":{"start":{"line":571,"column":16},"end":{"line":571,"column":18226}},"86":{"start":{"line":581,"column":8},"end":{"line":581,"column":18588}},"87":{"start":{"line":590,"column":8},"end":{"line":590,"column":18828}},"88":{"start":{"line":618,"column":8},"end":{"line":618,"column":19802}},"89":{"start":{"line":625,"column":8},"end":{"line":625,"column":20083}},"90":{"start":{"line":633,"column":8},"end":{"line":633,"column":20317}},"91":{"start":{"line":634,"column":12},"end":{"line":634,"column":20369}},"92":{"start":{"line":636,"column":16},"end":{"line":636,"column":20442}},"93":{"start":{"line":640,"column":16},"end":{"line":640,"column":73}},"94":{"start":{"line":641,"column":16},"end":{"line":641,"column":20637}},"95":{"start":{"line":657,"column":16},"end":{"line":657,"column":21186}},"96":{"start":{"line":658,"column":20},"end":{"line":658,"column":21258}},"97":{"start":{"line":664,"column":20},"end":{"line":664,"column":51}},"98":{"start":{"line":666,"column":16},"end":{"line":666,"column":21597}},"99":{"start":{"line":668,"column":20},"end":{"line":668,"column":21690}},"100":{"start":{"line":672,"column":20},"end":{"line":672,"column":77}},"101":{"start":{"line":673,"column":20},"end":{"line":673,"column":21919}},"102":{"start":{"line":690,"column":20},"end":{"line":690,"column":22558}},"103":{"start":{"line":694,"column":20},"end":{"line":694,"column":22693}},"104":{"start":{"line":705,"column":12},"end":{"line":705,"column":23007}},"105":{"start":{"line":709,"column":12},"end":{"line":709,"column":23110}},"106":{"start":{"line":711,"column":16},"end":{"line":711,"column":23193}},"107":{"start":{"line":728,"column":16},"end":{"line":728,"column":23790}},"108":{"start":{"line":745,"column":8},"end":{"line":745,"column":53}},"109":{"start":{"line":746,"column":8},"end":{"line":746,"column":47}},"110":{"start":{"line":747,"column":8},"end":{"line":747,"column":24467}},"111":{"start":{"line":764,"column":8},"end":{"line":764,"column":24912}},"112":{"start":{"line":768,"column":8},"end":{"line":768,"column":47}},"113":{"start":{"line":770,"column":8},"end":{"line":770,"column":25082}},"114":{"start":{"line":771,"column":12},"end":{"line":771,"column":25152}},"115":{"start":{"line":772,"column":16},"end":{"line":772,"column":66}},"116":{"start":{"line":774,"column":16},"end":{"line":774,"column":78}},"117":{"start":{"line":777,"column":12},"end":{"line":777,"column":62}},"118":{"start":{"line":778,"column":12},"end":{"line":778,"column":73}},"119":{"start":{"line":779,"column":12},"end":{"line":779,"column":25546}},"120":{"start":{"line":784,"column":8},"end":{"line":784,"column":25677}},"121":{"start":{"line":785,"column":12},"end":{"line":785,"column":25733}},"122":{"start":{"line":786,"column":16},"end":{"line":786,"column":53}},"123":{"start":{"line":789,"column":8},"end":{"line":789,"column":68}},"124":{"start":{"line":807,"column":8},"end":{"line":807,"column":26521}},"125":{"start":{"line":812,"column":8},"end":{"line":812,"column":40}},"126":{"start":{"line":814,"column":8},"end":{"line":814,"column":26743}},"127":{"start":{"line":823,"column":8},"end":{"line":823,"column":48}},"128":{"start":{"line":825,"column":8},"end":{"line":825,"column":27075}},"129":{"start":{"line":827,"column":12},"end":{"line":827,"column":27149}},"130":{"start":{"line":828,"column":16},"end":{"line":828,"column":70}},"131":{"start":{"line":830,"column":16},"end":{"line":830,"column":27353}},"132":{"start":{"line":841,"column":8},"end":{"line":841,"column":27704}},"133":{"start":{"line":843,"column":12},"end":{"line":843,"column":27795}},"134":{"start":{"line":844,"column":16},"end":{"line":844,"column":27855}},"135":{"start":{"line":850,"column":16},"end":{"line":850,"column":62}},"136":{"start":{"line":854,"column":12},"end":{"line":854,"column":72}},"137":{"start":{"line":855,"column":12},"end":{"line":855,"column":28227}},"138":{"start":{"line":859,"column":12},"end":{"line":859,"column":28362}},"139":{"start":{"line":860,"column":16},"end":{"line":860,"column":28410}},"140":{"start":{"line":868,"column":12},"end":{"line":868,"column":28661}},"141":{"start":{"line":869,"column":16},"end":{"line":869,"column":28749}},"142":{"start":{"line":878,"column":8},"end":{"line":878,"column":58}},"143":{"start":{"line":886,"column":8},"end":{"line":886,"column":34}},"144":{"start":{"line":894,"column":8},"end":{"line":894,"column":29}},"145":{"start":{"line":898,"column":8},"end":{"line":898,"column":27}},"146":{"start":{"line":911,"column":8},"end":{"line":911,"column":32}},"147":{"start":{"line":912,"column":8},"end":{"line":912,"column":36}},"148":{"start":{"line":930,"column":8},"end":{"line":930,"column":30464}},"149":{"start":{"line":934,"column":8},"end":{"line":934,"column":30557}},"150":{"start":{"line":935,"column":12},"end":{"line":935,"column":30606}},"151":{"start":{"line":936,"column":16},"end":{"line":936,"column":30670}},"152":{"start":{"line":948,"column":16},"end":{"line":948,"column":51}},"153":{"start":{"line":949,"column":16},"end":{"line":949,"column":31171}},"154":{"start":{"line":959,"column":16},"end":{"line":959,"column":37}},"155":{"start":{"line":962,"column":8},"end":{"line":962,"column":25}},"156":{"start":{"line":978,"column":8},"end":{"line":978,"column":32081}},"157":{"start":{"line":982,"column":8},"end":{"line":982,"column":32174}},"158":{"start":{"line":983,"column":12},"end":{"line":983,"column":32223}},"159":{"start":{"line":984,"column":16},"end":{"line":984,"column":32287}},"160":{"start":{"line":996,"column":16},"end":{"line":996,"column":51}},"161":{"start":{"line":997,"column":16},"end":{"line":997,"column":32785}},"162":{"start":{"line":1007,"column":16},"end":{"line":1007,"column":38}},"163":{"start":{"line":1010,"column":8},"end":{"line":1010,"column":25}}},"branchMap":{"1":{"line":85,"type":"if","locations":[{"start":{"line":85,"column":8},"end":{"line":85,"column":8}},{"start":{"line":85,"column":8},"end":{"line":85,"column":8}}]},"2":{"line":107,"type":"if","locations":[{"start":{"line":107,"column":8},"end":{"line":107,"column":8}},{"start":{"line":107,"column":8},"end":{"line":107,"column":8}}]},"3":{"line":115,"type":"if","locations":[{"start":{"line":115,"column":8},"end":{"line":115,"column":8}},{"start":{"line":115,"column":8},"end":{"line":115,"column":8}}]},"4":{"line":125,"type":"if","locations":[{"start":{"line":125,"column":8},"end":{"line":125,"column":8}},{"start":{"line":125,"column":8},"end":{"line":125,"column":8}}]},"5":{"line":138,"type":"if","locations":[{"start":{"line":138,"column":8},"end":{"line":138,"column":8}},{"start":{"line":138,"column":8},"end":{"line":138,"column":8}}]},"6":{"line":171,"type":"if","locations":[{"start":{"line":171,"column":8},"end":{"line":171,"column":8}},{"start":{"line":171,"column":8},"end":{"line":171,"column":8}}]},"7":{"line":207,"type":"if","locations":[{"start":{"line":207,"column":12},"end":{"line":207,"column":12}},{"start":{"line":207,"column":12},"end":{"line":207,"column":12}}]},"8":{"line":223,"type":"if","locations":[{"start":{"line":223,"column":8},"end":{"line":223,"column":8}},{"start":{"line":223,"column":8},"end":{"line":223,"column":8}}]},"9":{"line":246,"type":"if","locations":[{"start":{"line":246,"column":8},"end":{"line":246,"column":8}},{"start":{"line":246,"column":8},"end":{"line":246,"column":8}}]},"10":{"line":251,"type":"if","locations":[{"start":{"line":251,"column":8},"end":{"line":251,"column":8}},{"start":{"line":251,"column":8},"end":{"line":251,"column":8}}]},"11":{"line":296,"type":"if","locations":[{"start":{"line":296,"column":8},"end":{"line":296,"column":8}},{"start":{"line":296,"column":8},"end":{"line":296,"column":8}}]},"12":{"line":297,"type":"if","locations":[{"start":{"line":297,"column":8},"end":{"line":297,"column":8}},{"start":{"line":297,"column":8},"end":{"line":297,"column":8}}]},"13":{"line":462,"type":"if","locations":[{"start":{"line":462,"column":8},"end":{"line":462,"column":8}},{"start":{"line":462,"column":8},"end":{"line":462,"column":8}}]},"14":{"line":468,"type":"if","locations":[{"start":{"line":468,"column":8},"end":{"line":468,"column":8}},{"start":{"line":468,"column":8},"end":{"line":468,"column":8}}]},"15":{"line":476,"type":"if","locations":[{"start":{"line":476,"column":8},"end":{"line":476,"column":8}},{"start":{"line":476,"column":8},"end":{"line":476,"column":8}}]},"16":{"line":477,"type":"if","locations":[{"start":{"line":477,"column":8},"end":{"line":477,"column":8}},{"start":{"line":477,"column":8},"end":{"line":477,"column":8}}]},"17":{"line":516,"type":"if","locations":[{"start":{"line":516,"column":8},"end":{"line":516,"column":8}},{"start":{"line":516,"column":8},"end":{"line":516,"column":8}}]},"18":{"line":545,"type":"if","locations":[{"start":{"line":545,"column":8},"end":{"line":545,"column":8}},{"start":{"line":545,"column":8},"end":{"line":545,"column":8}}]},"19":{"line":551,"type":"if","locations":[{"start":{"line":551,"column":8},"end":{"line":551,"column":8}},{"start":{"line":551,"column":8},"end":{"line":551,"column":8}}]},"20":{"line":553,"type":"if","locations":[{"start":{"line":553,"column":12},"end":{"line":553,"column":12}},{"start":{"line":553,"column":12},"end":{"line":553,"column":12}}]},"21":{"line":563,"type":"if","locations":[{"start":{"line":563,"column":12},"end":{"line":563,"column":12}},{"start":{"line":563,"column":12},"end":{"line":563,"column":12}}]},"22":{"line":570,"type":"if","locations":[{"start":{"line":570,"column":12},"end":{"line":570,"column":12}},{"start":{"line":570,"column":12},"end":{"line":570,"column":12}}]},"23":{"line":618,"type":"if","locations":[{"start":{"line":618,"column":8},"end":{"line":618,"column":8}},{"start":{"line":618,"column":8},"end":{"line":618,"column":8}}]},"24":{"line":625,"type":"if","locations":[{"start":{"line":625,"column":8},"end":{"line":625,"column":8}},{"start":{"line":625,"column":8},"end":{"line":625,"column":8}}]},"25":{"line":633,"type":"if","locations":[{"start":{"line":633,"column":8},"end":{"line":633,"column":8}},{"start":{"line":633,"column":8},"end":{"line":633,"column":8}}]},"26":{"line":634,"type":"if","locations":[{"start":{"line":634,"column":12},"end":{"line":634,"column":12}},{"start":{"line":634,"column":12},"end":{"line":634,"column":12}}]},"27":{"line":636,"type":"if","locations":[{"start":{"line":636,"column":16},"end":{"line":636,"column":16}},{"start":{"line":636,"column":16},"end":{"line":636,"column":16}}]},"28":{"line":658,"type":"if","locations":[{"start":{"line":658,"column":20},"end":{"line":658,"column":20}},{"start":{"line":658,"column":20},"end":{"line":658,"column":20}}]},"29":{"line":666,"type":"if","locations":[{"start":{"line":666,"column":16},"end":{"line":666,"column":16}},{"start":{"line":666,"column":16},"end":{"line":666,"column":16}}]},"30":{"line":668,"type":"if","locations":[{"start":{"line":668,"column":20},"end":{"line":668,"column":20}},{"start":{"line":668,"column":20},"end":{"line":668,"column":20}}]},"31":{"line":690,"type":"if","locations":[{"start":{"line":690,"column":20},"end":{"line":690,"column":20}},{"start":{"line":690,"column":20},"end":{"line":690,"column":20}}]},"32":{"line":705,"type":"if","locations":[{"start":{"line":705,"column":12},"end":{"line":705,"column":12}},{"start":{"line":705,"column":12},"end":{"line":705,"column":12}}]},"33":{"line":709,"type":"if","locations":[{"start":{"line":709,"column":12},"end":{"line":709,"column":12}},{"start":{"line":709,"column":12},"end":{"line":709,"column":12}}]},"34":{"line":764,"type":"if","locations":[{"start":{"line":764,"column":8},"end":{"line":764,"column":8}},{"start":{"line":764,"column":8},"end":{"line":764,"column":8}}]},"35":{"line":770,"type":"if","locations":[{"start":{"line":770,"column":8},"end":{"line":770,"column":8}},{"start":{"line":770,"column":8},"end":{"line":770,"column":8}}]},"36":{"line":771,"type":"if","locations":[{"start":{"line":771,"column":12},"end":{"line":771,"column":12}},{"start":{"line":771,"column":12},"end":{"line":771,"column":12}}]},"37":{"line":784,"type":"if","locations":[{"start":{"line":784,"column":8},"end":{"line":784,"column":8}},{"start":{"line":784,"column":8},"end":{"line":784,"column":8}}]},"38":{"line":807,"type":"if","locations":[{"start":{"line":807,"column":8},"end":{"line":807,"column":8}},{"start":{"line":807,"column":8},"end":{"line":807,"column":8}}]},"39":{"line":825,"type":"if","locations":[{"start":{"line":825,"column":8},"end":{"line":825,"column":8}},{"start":{"line":825,"column":8},"end":{"line":825,"column":8}}]},"40":{"line":841,"type":"if","locations":[{"start":{"line":841,"column":8},"end":{"line":841,"column":8}},{"start":{"line":841,"column":8},"end":{"line":841,"column":8}}]},"41":{"line":843,"type":"if","locations":[{"start":{"line":843,"column":12},"end":{"line":843,"column":12}},{"start":{"line":843,"column":12},"end":{"line":843,"column":12}}]},"42":{"line":859,"type":"if","locations":[{"start":{"line":859,"column":12},"end":{"line":859,"column":12}},{"start":{"line":859,"column":12},"end":{"line":859,"column":12}}]},"43":{"line":868,"type":"if","locations":[{"start":{"line":868,"column":12},"end":{"line":868,"column":12}},{"start":{"line":868,"column":12},"end":{"line":868,"column":12}}]},"44":{"line":930,"type":"if","locations":[{"start":{"line":930,"column":8},"end":{"line":930,"column":8}},{"start":{"line":930,"column":8},"end":{"line":930,"column":8}}]},"45":{"line":934,"type":"if","locations":[{"start":{"line":934,"column":8},"end":{"line":934,"column":8}},{"start":{"line":934,"column":8},"end":{"line":934,"column":8}}]},"46":{"line":935,"type":"if","locations":[{"start":{"line":935,"column":12},"end":{"line":935,"column":12}},{"start":{"line":935,"column":12},"end":{"line":935,"column":12}}]},"47":{"line":978,"type":"if","locations":[{"start":{"line":978,"column":8},"end":{"line":978,"column":8}},{"start":{"line":978,"column":8},"end":{"line":978,"column":8}}]},"48":{"line":982,"type":"if","locations":[{"start":{"line":982,"column":8},"end":{"line":982,"column":8}},{"start":{"line":982,"column":8},"end":{"line":982,"column":8}}]},"49":{"line":983,"type":"if","locations":[{"start":{"line":983,"column":12},"end":{"line":983,"column":12}},{"start":{"line":983,"column":12},"end":{"line":983,"column":12}}]}}},
"contracts/tokens/ERC1155_test.sol":{"l":{"13":16},"path":"/Users/olga/Documents/GitHub/nft-marketplace-contracts/contracts/tokens/ERC1155_test.sol","s":{"1":16},"b":{},"f":{"1":11,"2":16},"fnMap":{"1":{"name":"constructor","line":8,"loc":{"start":{"line":8,"column":2},"end":{"line":10,"column":2}}},"2":{"name":"mint","line":12,"loc":{"start":{"line":12,"column":2},"end":{"line":14,"column":2}}}},"statementMap":{"1":{"start":{"line":13,"column":6},"end":{"line":13,"column":37}}},"branchMap":{}},
"contracts/tokens/ERC20_test.sol":{"l":{"13":13},"path":"/Users/olga/Documents/GitHub/nft-marketplace-contracts/contracts/tokens/ERC20_test.sol","s":{"1":13},"b":{},"f":{"1":11,"2":13},"fnMap":{"1":{"name":"constructor","line":8,"loc":{"start":{"line":8,"column":2},"end":{"line":10,"column":2}}},"2":{"name":"mint","line":12,"loc":{"start":{"line":12,"column":2},"end":{"line":14,"column":2}}}},"statementMap":{"1":{"start":{"line":13,"column":6},"end":{"line":13,"column":27}}},"branchMap":{}},
"contracts/tokens/ERC721.sol":{"l":{"13":62},"path":"/Users/olga/Documents/GitHub/nft-marketplace-contracts/contracts/tokens/ERC721.sol","s":{"1":62},"b":{},"f":{"1":11,"2":62},"fnMap":{"1":{"name":"constructor","line":8,"loc":{"start":{"line":8,"column":2},"end":{"line":10,"column":2}}},"2":{"name":"mint","line":12,"loc":{"start":{"line":12,"column":2},"end":{"line":14,"column":2}}}},"statementMap":{"1":{"start":{"line":13,"column":6},"end":{"line":13,"column":23}}},"branchMap":{}},
"contracts/VariableType.sol":{"l":{},"path":"/Users/olga/Documents/GitHub/nft-marketplace-contracts/contracts/VariableType.sol","s":{},"b":{},"f":{},"fnMap":{},"statementMap":{},"branchMap":{}}}
