TN:
SF:/Users/olga/Documents/GitHub/nft-marketplace-contracts/contracts/Auction.sol
FN:16,constructor
FN:41,time
FN:45,createAuction
FN:77,startAuction
FN:143,makeBid
FN:239,endAuction
FN:333,finishAuction
FNF:7
FNH:7
FNDA:7,constructor
FNDA:22,time
FNDA:4,createAuction
FNDA:31,startAuction
FNDA:50,makeBid
FNDA:7,endAuction
FNDA:4,finishAuction
DA:17,7
DA:42,22
DA:57,4
DA:58,2
DA:59,2
DA:61,2
DA:62,2
DA:64,4
DA:65,4
DA:85,31
DA:86,31
DA:96,31
DA:100,25
DA:104,19
DA:105,17
DA:114,15
DA:115,15
DA:122,15
DA:123,7
DA:125,8
DA:127,15
DA:128,15
DA:144,50
DA:145,50
DA:155,50
DA:160,46
DA:161,21
DA:162,20
DA:166,12
DA:170,12
DA:171,8
DA:173,12
DA:180,12
DA:182,1
DA:183,1
DA:190,1
DA:196,25
DA:197,23
DA:198,23
DA:199,23
DA:200,22
DA:201,12
DA:202,8
DA:207,12
DA:208,12
DA:212,12
DA:216,12
DA:218,1
DA:219,1
DA:220,1
DA:224,1
DA:230,26
DA:231,26
DA:240,7
DA:241,7
DA:251,7
DA:252,5
DA:253,5
DA:254,2
DA:255,2
DA:256,0
DA:264,2
DA:273,3
DA:274,3
DA:275,1
DA:282,2
DA:290,5
DA:291,4
DA:294,4
DA:295,4
DA:296,2
DA:297,2
DA:298,2
DA:302,2
DA:303,0
DA:308,2
DA:309,2
DA:313,2
DA:314,2
DA:320,2
DA:321,0
DA:328,5
DA:329,5
DA:330,5
DA:334,4
DA:335,4
DA:345,4
DA:346,2
DA:347,1
DA:348,1
DA:356,1
DA:357,1
DA:364,2
DA:365,2
DA:366,2
LF:95
LH:92
BRDA:57,1,0,2
BRDA:57,1,1,2
BRDA:96,2,0,25
BRDA:96,2,1,6
BRDA:100,3,0,19
BRDA:100,3,1,6
BRDA:104,4,0,17
BRDA:104,4,1,2
BRDA:105,5,0,15
BRDA:105,5,1,2
BRDA:122,6,0,7
BRDA:122,6,1,8
BRDA:155,7,0,46
BRDA:155,7,1,4
BRDA:160,8,0,21
BRDA:160,8,1,25
BRDA:161,9,0,20
BRDA:161,9,1,1
BRDA:162,10,0,12
BRDA:162,10,1,8
BRDA:170,11,0,8
BRDA:170,11,1,4
BRDA:196,12,0,23
BRDA:196,12,1,2
BRDA:199,13,0,22
BRDA:199,13,1,1
BRDA:200,14,0,12
BRDA:200,14,1,10
BRDA:201,15,0,8
BRDA:201,15,1,4
BRDA:251,16,0,5
BRDA:251,16,1,2
BRDA:253,17,0,2
BRDA:253,17,1,3
BRDA:255,18,0,0
BRDA:255,18,1,2
BRDA:274,19,0,1
BRDA:274,19,1,2
BRDA:290,20,0,4
BRDA:290,20,1,1
BRDA:295,21,0,2
BRDA:295,21,1,2
BRDA:297,22,0,2
BRDA:297,22,1,0
BRDA:302,23,0,0
BRDA:302,23,1,2
BRDA:313,24,0,2
BRDA:313,24,1,0
BRDA:320,25,0,0
BRDA:320,25,1,2
BRDA:345,26,0,2
BRDA:345,26,1,2
BRDA:346,27,0,1
BRDA:346,27,1,1
BRF:54
BRH:49
end_of_record
TN:
SF:/Users/olga/Documents/GitHub/nft-marketplace-contracts/contracts/NFTMarketplace.sol
FN:84,checkContract
FN:89,constructor
FN:99,setAuctionContract
FN:105,setCollectionCommission
FN:113,setCollectionOwner
FN:122,auctionLot
FN:137,setMarketCommission
FN:145,setOfferCommission
FN:149,calculateCommission
FN:170,setWallet
FN:186,setNFT_Collection
FN:205,setERC20_Support
FN:214,sendNFT
FN:232,calculateMarket
FN:240,sendCrypto
FN:262,sendERC20
FN:272,getNextStep
FN:288,add
FN:386,NFT_Sale
FN:413,NFT_Offer
FN:438,exchangeSell
FN:455,sell
FN:505,getBack
FN:514,returnNFT
FN:543,buy
FN:611,makeOffer
FN:763,cancelOffer
FN:802,chooseOffer
FN:881,getLotsOffers
FN:889,getLots
FN:897,getLotsLength
FN:906,getInfo
FN:923,onERC1155Received
FN:972,onERC721Received
FNF:34
FNH:34
FNDA:38,checkContract
FNDA:3,constructor
FNDA:4,setAuctionContract
FNDA:6,setCollectionCommission
FNDA:6,setCollectionOwner
FNDA:48,auctionLot
FNDA:14,setMarketCommission
FNDA:11,setOfferCommission
FNDA:54,calculateCommission
FNDA:14,setWallet
FNDA:18,setNFT_Collection
FNDA:18,setERC20_Support
FNDA:211,sendNFT
FNDA:14,calculateMarket
FNDA:8,sendCrypto
FNDA:12,sendERC20
FNDA:2,getNextStep
FNDA:170,add
FNDA:7,NFT_Sale
FNDA:4,NFT_Offer
FNDA:36,exchangeSell
FNDA:44,sell
FNDA:10,getBack
FNDA:19,returnNFT
FNDA:19,buy
FNDA:46,makeOffer
FNDA:12,cancelOffer
FNDA:13,chooseOffer
FNDA:30,getLotsOffers
FNDA:53,getLots
FNDA:17,getLotsLength
FNDA:134,getInfo
FNDA:107,onERC1155Received
FNDA:67,onERC721Received
DA:85,38
DA:86,36
DA:94,3
DA:95,3
DA:96,3
DA:100,4
DA:107,6
DA:108,2
DA:115,6
DA:119,2
DA:125,48
DA:129,48
DA:138,14
DA:139,12
DA:146,11
DA:154,54
DA:171,14
DA:175,10
DA:188,18
DA:189,18
DA:206,18
DA:207,18
DA:208,16
DA:209,16
DA:210,16
DA:223,211
DA:224,134
DA:225,134
DA:227,77
DA:228,77
DA:237,14
DA:245,8
DA:246,8
DA:247,7
DA:251,8
DA:252,0
DA:268,12
DA:269,12
DA:273,2
DA:296,170
DA:297,166
DA:298,103
DA:307,93
DA:325,93
DA:335,63
DA:344,55
DA:362,55
DA:372,148
DA:397,7
DA:398,5
DA:399,5
DA:423,4
DA:424,4
DA:425,4
DA:433,4
DA:435,4
DA:439,36
DA:440,36
DA:441,36
DA:462,44
DA:468,40
DA:476,38
DA:477,36
DA:478,12
DA:479,12
DA:486,24
DA:490,24
DA:491,24
DA:492,24
DA:493,24
DA:506,10
DA:515,19
DA:516,19
DA:517,11
DA:518,11
DA:527,11
DA:544,19
DA:545,19
DA:550,9
DA:551,9
DA:553,5
DA:554,3
DA:557,4
DA:558,4
DA:563,4
DA:564,4
DA:570,4
DA:571,0
DA:581,7
DA:590,7
DA:618,46
DA:625,45
DA:633,43
DA:634,19
DA:636,8
DA:640,6
DA:641,4
DA:657,11
DA:658,22
DA:664,22
DA:666,11
DA:668,6
DA:672,6
DA:673,6
DA:690,5
DA:694,5
DA:705,24
DA:709,20
DA:711,5
DA:728,15
DA:745,35
DA:746,35
DA:747,35
DA:764,12
DA:768,10
DA:769,10
DA:770,10
DA:771,6
DA:772,2
DA:774,4
DA:777,4
DA:778,4
DA:779,4
DA:784,10
DA:785,5
DA:786,9
DA:789,10
DA:807,13
DA:812,11
DA:813,11
DA:814,11
DA:823,11
DA:824,11
DA:825,11
DA:827,7
DA:828,16
DA:829,16
DA:830,16
DA:841,11
DA:843,8
DA:844,5
DA:850,3
DA:854,3
DA:855,3
DA:859,3
DA:860,3
DA:868,3
DA:869,0
DA:878,11
DA:886,30
DA:894,53
DA:898,17
DA:911,134
DA:912,134
DA:930,107
DA:934,97
DA:935,4
DA:936,2
DA:948,2
DA:949,2
DA:959,2
DA:962,95
DA:978,67
DA:982,59
DA:983,4
DA:984,2
DA:996,2
DA:997,2
DA:1007,2
DA:1010,57
LF:170
LH:167
BRDA:85,1,0,36
BRDA:85,1,1,2
BRDA:107,2,0,2
BRDA:107,2,1,4
BRDA:115,3,0,2
BRDA:115,3,1,4
BRDA:125,4,0,48
BRDA:125,4,1,0
BRDA:138,5,0,12
BRDA:138,5,1,2
BRDA:171,6,0,10
BRDA:171,6,1,4
BRDA:207,7,0,16
BRDA:207,7,1,2
BRDA:223,8,0,134
BRDA:223,8,1,77
BRDA:246,9,0,7
BRDA:246,9,1,1
BRDA:251,10,0,0
BRDA:251,10,1,8
BRDA:296,11,0,166
BRDA:296,11,1,4
BRDA:297,12,0,103
BRDA:297,12,1,63
BRDA:462,13,0,40
BRDA:462,13,1,4
BRDA:468,14,0,38
BRDA:468,14,1,2
BRDA:476,15,0,36
BRDA:476,15,1,2
BRDA:477,16,0,12
BRDA:477,16,1,24
BRDA:516,17,0,11
BRDA:516,17,1,8
BRDA:545,18,0,9
BRDA:545,18,1,10
BRDA:551,19,0,5
BRDA:551,19,1,4
BRDA:553,20,0,3
BRDA:553,20,1,2
BRDA:563,21,0,4
BRDA:563,21,1,0
BRDA:570,22,0,0
BRDA:570,22,1,4
BRDA:618,23,0,45
BRDA:618,23,1,1
BRDA:625,24,0,43
BRDA:625,24,1,2
BRDA:633,25,0,19
BRDA:633,25,1,24
BRDA:634,26,0,8
BRDA:634,26,1,11
BRDA:636,27,0,6
BRDA:636,27,1,2
BRDA:658,28,0,22
BRDA:658,28,1,0
BRDA:666,29,0,6
BRDA:666,29,1,5
BRDA:668,30,0,6
BRDA:668,30,1,0
BRDA:690,31,0,5
BRDA:690,31,1,0
BRDA:705,32,0,20
BRDA:705,32,1,4
BRDA:709,33,0,5
BRDA:709,33,1,15
BRDA:764,34,0,10
BRDA:764,34,1,2
BRDA:770,35,0,6
BRDA:770,35,1,4
BRDA:771,36,0,2
BRDA:771,36,1,4
BRDA:784,37,0,5
BRDA:784,37,1,5
BRDA:807,38,0,11
BRDA:807,38,1,2
BRDA:825,39,0,7
BRDA:825,39,1,4
BRDA:841,40,0,8
BRDA:841,40,1,3
BRDA:843,41,0,5
BRDA:843,41,1,3
BRDA:859,42,0,3
BRDA:859,42,1,0
BRDA:868,43,0,0
BRDA:868,43,1,3
BRDA:930,44,0,97
BRDA:930,44,1,10
BRDA:934,45,0,4
BRDA:934,45,1,93
BRDA:935,46,0,2
BRDA:935,46,1,2
BRDA:978,47,0,59
BRDA:978,47,1,8
BRDA:982,48,0,4
BRDA:982,48,1,55
BRDA:983,49,0,2
BRDA:983,49,1,2
BRF:98
BRH:89
end_of_record
TN:
SF:/Users/olga/Documents/GitHub/nft-marketplace-contracts/contracts/tokens/ERC1155_test.sol
FN:8,constructor
FN:12,mint
FNF:2
FNH:2
FNDA:11,constructor
FNDA:16,mint
DA:13,16
LF:1
LH:1
BRF:0
BRH:0
end_of_record
TN:
SF:/Users/olga/Documents/GitHub/nft-marketplace-contracts/contracts/tokens/ERC20_test.sol
FN:8,constructor
FN:12,mint
FNF:2
FNH:2
FNDA:11,constructor
FNDA:13,mint
DA:13,13
LF:1
LH:1
BRF:0
BRH:0
end_of_record
TN:
SF:/Users/olga/Documents/GitHub/nft-marketplace-contracts/contracts/tokens/ERC721.sol
FN:8,constructor
FN:12,mint
FNF:2
FNH:2
FNDA:11,constructor
FNDA:62,mint
DA:13,62
LF:1
LH:1
BRF:0
BRH:0
end_of_record
TN:
SF:/Users/olga/Documents/GitHub/nft-marketplace-contracts/contracts/VariableType.sol
FNF:0
FNH:0
LF:0
LH:0
BRF:0
BRH:0
end_of_record
