TN:
SF:/Users/olga/Documents/GitHub/nft-marketplace-contracts/contracts/Admin.sol
FN:42,constructor
FN:47,onlyAdminCollection
FN:52,onlyAdminCommission
FN:57,checkContract
FN:62,setMarketContract
FN:65,setCollectionAdmin
FN:70,setCommissionAdmin
FN:80,setNFT_Collection
FN:96,setERC20_Support
FN:110,setMarketCommission
FN:119,setOfferCommission
FN:124,setCollectionCommission
FN:131,setCollectionOwner
FNF:13
FNH:13
FNDA:3,constructor
FNDA:53,onlyAdminCollection
FNDA:81,onlyAdminCommission
FNDA:45,checkContract
FNDA:10,setMarketContract
FNDA:7,setCollectionAdmin
FNDA:6,setCommissionAdmin
FNDA:22,setNFT_Collection
FNDA:21,setERC20_Support
FNDA:16,setMarketCommission
FNDA:14,setOfferCommission
FNDA:12,setCollectionCommission
FNDA:7,setCollectionOwner
DA:43,3
DA:44,3
DA:48,53
DA:49,45
DA:53,81
DA:54,49
DA:58,45
DA:59,43
DA:63,10
DA:66,7
DA:67,3
DA:71,6
DA:72,2
DA:81,22
DA:82,22
DA:83,22
DA:97,21
DA:98,21
DA:99,19
DA:100,19
DA:101,19
DA:111,16
DA:112,14
DA:113,14
DA:120,14
DA:121,14
DA:125,12
DA:126,8
DA:127,4
DA:128,4
DA:132,7
DA:136,3
LF:32
LH:32
BRDA:48,1,0,45
BRDA:48,1,1,8
BRDA:53,2,0,49
BRDA:53,2,1,32
BRDA:58,3,0,43
BRDA:58,3,1,2
BRDA:66,4,0,3
BRDA:66,4,1,4
BRDA:71,5,0,2
BRDA:71,5,1,4
BRDA:98,6,0,19
BRDA:98,6,1,2
BRDA:111,7,0,14
BRDA:111,7,1,2
BRDA:125,8,0,8
BRDA:125,8,1,4
BRDA:126,9,0,4
BRDA:126,9,1,4
BRDA:132,10,0,3
BRDA:132,10,1,4
BRF:20
BRH:20
end_of_record
TN:
SF:/Users/olga/Documents/GitHub/nft-marketplace-contracts/contracts/Auction.sol
FN:19,constructor
FN:46,time
FN:61,createAuction
FN:89,startAuction
FN:155,makeBid
FN:222,endAuction
FN:316,finishAuction
FN:352,setPause
FN:356,unPause
FNF:9
FNH:7
FNDA:9,constructor
FNDA:29,time
FNDA:4,createAuction
FNDA:38,startAuction
FNDA:64,makeBid
FNDA:7,endAuction
FNDA:4,finishAuction
FNDA:0,setPause
FNDA:0,unPause
DA:20,9
DA:21,9
DA:47,29
DA:62,4
DA:63,2
DA:64,2
DA:66,2
DA:67,2
DA:69,4
DA:70,4
DA:90,38
DA:91,38
DA:101,38
DA:102,36
DA:106,30
DA:111,26
DA:112,3
DA:115,26
DA:116,24
DA:125,22
DA:126,22
DA:133,22
DA:134,10
DA:136,12
DA:138,22
DA:139,22
DA:156,64
DA:157,64
DA:167,64
DA:172,60
DA:174,56
DA:175,26
DA:176,14
DA:180,14
DA:181,8
DA:183,14
DA:190,14
DA:192,30
DA:193,28
DA:194,28
DA:195,28
DA:196,14
DA:197,8
DA:202,14
DA:203,14
DA:207,14
DA:211,14
DA:213,28
DA:214,28
DA:223,7
DA:224,7
DA:234,7
DA:235,5
DA:236,5
DA:237,2
DA:238,2
DA:239,0
DA:247,2
DA:256,3
DA:257,3
DA:258,1
DA:265,2
DA:273,5
DA:274,4
DA:277,4
DA:278,4
DA:279,2
DA:280,2
DA:281,2
DA:285,2
DA:286,0
DA:291,2
DA:292,2
DA:296,2
DA:297,2
DA:303,2
DA:304,0
DA:311,5
DA:312,5
DA:313,5
DA:317,4
DA:318,4
DA:328,4
DA:329,2
DA:330,1
DA:331,1
DA:339,1
DA:340,1
DA:347,2
DA:348,2
DA:349,2
DA:353,0
DA:357,0
LF:93
LH:88
BRDA:62,1,0,2
BRDA:62,1,1,2
BRDA:101,2,0,36
BRDA:101,2,1,2
BRDA:102,3,0,30
BRDA:102,3,1,6
BRDA:106,4,0,26
BRDA:106,4,1,4
BRDA:111,5,0,3
BRDA:111,5,1,23
BRDA:115,6,0,24
BRDA:115,6,1,2
BRDA:116,7,0,22
BRDA:116,7,1,2
BRDA:133,8,0,10
BRDA:133,8,1,12
BRDA:167,9,0,60
BRDA:167,9,1,4
BRDA:172,10,0,56
BRDA:172,10,1,4
BRDA:174,11,0,26
BRDA:174,11,1,30
BRDA:175,12,0,14
BRDA:175,12,1,12
BRDA:180,13,0,8
BRDA:180,13,1,6
BRDA:192,14,0,28
BRDA:192,14,1,2
BRDA:195,15,0,14
BRDA:195,15,1,14
BRDA:196,16,0,8
BRDA:196,16,1,6
BRDA:234,17,0,5
BRDA:234,17,1,2
BRDA:236,18,0,2
BRDA:236,18,1,3
BRDA:238,19,0,0
BRDA:238,19,1,2
BRDA:257,20,0,1
BRDA:257,20,1,2
BRDA:273,21,0,4
BRDA:273,21,1,1
BRDA:278,22,0,2
BRDA:278,22,1,2
BRDA:280,23,0,2
BRDA:280,23,1,0
BRDA:285,24,0,0
BRDA:285,24,1,2
BRDA:296,25,0,2
BRDA:296,25,1,0
BRDA:303,26,0,0
BRDA:303,26,1,2
BRDA:328,27,0,2
BRDA:328,27,1,2
BRDA:329,28,0,1
BRDA:329,28,1,1
BRF:56
BRH:51
end_of_record
TN:
SF:/Users/olga/Documents/GitHub/nft-marketplace-contracts/contracts/NFTMarketplace.sol
FN:82,constructor
FN:90,setPause
FN:94,unPause
FN:98,setNFT_Collection
FN:107,setAuctionContract
FN:113,auctionLot
FN:122,calculateCommission
FN:135,setWallet
FN:143,setAdminContract
FN:152,sendNFT
FN:170,calculateMarket
FN:178,getCollectionsInfo
FN:182,getMarketCommission
FN:186,getOfferCommission
FN:190,sendCrypto
FN:212,sendERC20
FN:222,getNextStep
FN:245,add
FN:352,NFT_Sale
FN:378,NFT_Offer
FN:394,exchangeSell
FN:417,sell
FN:465,getBack
FN:474,returnNFT
FN:503,buy
FN:578,makeOffer
FN:737,cancelOffer
FN:780,chooseOffer
FN:857,getLotsLength
FN:866,getInfo
FN:889,onERC1155Received
FN:937,onERC721Received
FN:973,getLotsOffers
FNF:33
FNH:33
FNDA:3,constructor
FNDA:2,setPause
FNDA:2,unPause
FNDA:22,setNFT_Collection
FNDA:6,setAuctionContract
FNDA:57,auctionLot
FNDA:35,calculateCommission
FNDA:15,setWallet
FNDA:3,setAdminContract
FNDA:232,sendNFT
FNDA:10,calculateMarket
FNDA:46,getCollectionsInfo
FNDA:56,getMarketCommission
FNDA:48,getOfferCommission
FNDA:7,sendCrypto
FNDA:12,sendERC20
FNDA:1,getNextStep
FNDA:195,add
FNDA:7,NFT_Sale
FNDA:4,NFT_Offer
FNDA:29,exchangeSell
FNDA:43,sell
FNDA:10,getBack
FNDA:19,returnNFT
FNDA:16,buy
FNDA:36,makeOffer
FNDA:11,cancelOffer
FNDA:12,chooseOffer
FNDA:17,getLotsLength
FNDA:174,getInfo
FNDA:130,onERC1155Received
FNDA:69,onERC721Received
FNDA:28,getLotsOffers
DA:86,3
DA:87,3
DA:91,2
DA:95,2
DA:99,22
DA:101,22
DA:108,6
DA:115,57
DA:119,57
DA:123,35
DA:124,35
DA:136,15
DA:140,11
DA:144,3
DA:148,3
DA:161,232
DA:162,157
DA:163,157
DA:165,75
DA:166,75
DA:175,10
DA:179,46
DA:183,56
DA:187,48
DA:195,7
DA:196,7
DA:199,7
DA:200,6
DA:204,7
DA:205,0
DA:218,12
DA:219,12
DA:223,1
DA:246,195
DA:247,191
DA:248,0
DA:253,191
DA:254,126
DA:263,116
DA:281,116
DA:291,65
DA:300,57
DA:318,57
DA:328,173
DA:353,7
DA:354,5
DA:355,5
DA:379,4
DA:380,4
DA:381,4
DA:389,4
DA:391,4
DA:395,29
DA:396,29
DA:397,29
DA:418,43
DA:424,33
DA:431,31
DA:432,4
DA:435,31
DA:437,29
DA:438,14
DA:446,15
DA:450,15
DA:451,15
DA:452,15
DA:453,15
DA:466,10
DA:475,19
DA:476,19
DA:477,11
DA:478,11
DA:504,16
DA:505,16
DA:510,6
DA:511,6
DA:513,5
DA:514,3
DA:517,1
DA:518,1
DA:523,1
DA:524,1
DA:531,1
DA:534,1
DA:535,0
DA:543,4
DA:552,4
DA:579,36
DA:581,36
DA:588,35
DA:595,33
DA:596,16
DA:598,8
DA:602,6
DA:603,4
DA:619,8
DA:620,10
DA:626,10
DA:628,8
DA:630,8
DA:634,6
DA:635,6
DA:636,6
DA:654,17
DA:658,15
DA:659,10
DA:660,21
DA:666,21
DA:669,10
DA:671,5
DA:672,5
DA:682,5
DA:683,5
DA:701,5
DA:718,25
DA:719,25
DA:720,25
DA:738,11
DA:742,9
DA:743,9
DA:744,9
DA:745,5
DA:746,2
DA:748,3
DA:751,4
DA:752,4
DA:753,4
DA:758,9
DA:759,5
DA:760,9
DA:781,12
DA:786,10
DA:787,10
DA:788,10
DA:797,10
DA:798,10
DA:799,10
DA:801,7
DA:802,16
DA:803,16
DA:804,16
DA:815,10
DA:817,7
DA:818,4
DA:824,3
DA:828,3
DA:829,3
DA:833,3
DA:834,3
DA:843,3
DA:846,3
DA:847,0
DA:858,17
DA:871,174
DA:872,174
DA:890,130
DA:894,120
DA:895,4
DA:896,2
DA:908,2
DA:909,2
DA:919,2
DA:922,118
DA:938,69
DA:942,61
DA:943,4
DA:944,2
DA:956,2
DA:957,2
DA:967,2
DA:970,59
DA:978,28
LF:172
LH:168
BRDA:99,1,0,22
BRDA:99,1,1,0
BRDA:115,2,0,57
BRDA:115,2,1,0
BRDA:136,3,0,11
BRDA:136,3,1,4
BRDA:144,4,0,3
BRDA:144,4,1,0
BRDA:161,5,0,157
BRDA:161,5,1,75
BRDA:199,6,0,6
BRDA:199,6,1,1
BRDA:204,7,0,0
BRDA:204,7,1,7
BRDA:246,8,0,191
BRDA:246,8,1,4
BRDA:247,9,0,0
BRDA:247,9,1,191
BRDA:253,10,0,126
BRDA:253,10,1,65
BRDA:418,11,0,33
BRDA:418,11,1,10
BRDA:424,12,0,31
BRDA:424,12,1,2
BRDA:431,13,0,4
BRDA:431,13,1,27
BRDA:435,14,0,29
BRDA:435,14,1,2
BRDA:437,15,0,14
BRDA:437,15,1,15
BRDA:476,16,0,11
BRDA:476,16,1,8
BRDA:505,17,0,6
BRDA:505,17,1,10
BRDA:511,18,0,5
BRDA:511,18,1,1
BRDA:513,19,0,3
BRDA:513,19,1,2
BRDA:523,20,0,1
BRDA:523,20,1,0
BRDA:534,21,0,0
BRDA:534,21,1,1
BRDA:581,22,0,35
BRDA:581,22,1,1
BRDA:588,23,0,33
BRDA:588,23,1,2
BRDA:595,24,0,16
BRDA:595,24,1,17
BRDA:596,25,0,8
BRDA:596,25,1,8
BRDA:598,26,0,6
BRDA:598,26,1,2
BRDA:620,27,0,10
BRDA:620,27,1,0
BRDA:628,28,0,8
BRDA:628,28,1,0
BRDA:630,29,0,6
BRDA:630,29,1,2
BRDA:654,30,0,15
BRDA:654,30,1,2
BRDA:658,31,0,10
BRDA:658,31,1,5
BRDA:660,32,0,21
BRDA:660,32,1,0
BRDA:669,33,0,5
BRDA:669,33,1,5
BRDA:738,34,0,9
BRDA:738,34,1,2
BRDA:744,35,0,5
BRDA:744,35,1,4
BRDA:745,36,0,2
BRDA:745,36,1,3
BRDA:758,37,0,5
BRDA:758,37,1,4
BRDA:781,38,0,10
BRDA:781,38,1,2
BRDA:799,39,0,7
BRDA:799,39,1,3
BRDA:815,40,0,7
BRDA:815,40,1,3
BRDA:817,41,0,4
BRDA:817,41,1,3
BRDA:833,42,0,3
BRDA:833,42,1,0
BRDA:846,43,0,0
BRDA:846,43,1,3
BRDA:890,44,0,120
BRDA:890,44,1,10
BRDA:894,45,0,4
BRDA:894,45,1,116
BRDA:895,46,0,2
BRDA:895,46,1,2
BRDA:938,47,0,61
BRDA:938,47,1,8
BRDA:942,48,0,4
BRDA:942,48,1,57
BRDA:943,49,0,2
BRDA:943,49,1,2
BRF:98
BRH:86
end_of_record
TN:
SF:/Users/olga/Documents/GitHub/nft-marketplace-contracts/contracts/tokens/ERC1155_prod.sol
FN:17,constructor
FN:21,mint
FN:29,batchMint
FN:43,_exists
FN:48,setBaseURI
FN:52,tokenURI
FNF:6
FNH:1
FNDA:3,constructor
FNDA:0,mint
FNDA:0,batchMint
FNDA:0,_exists
FNDA:0,setBaseURI
FNDA:0,tokenURI
DA:22,0
DA:24,0
DA:25,0
DA:26,0
DA:30,0
DA:32,0
DA:33,0
DA:34,0
DA:37,0
DA:38,0
DA:39,0
DA:44,0
DA:49,0
DA:53,0
DA:55,0
LF:15
LH:0
BRDA:22,1,0,0
BRDA:22,1,1,0
BRDA:30,2,0,0
BRDA:30,2,1,0
BRDA:33,3,0,0
BRDA:33,3,1,0
BRDA:53,4,0,0
BRDA:53,4,1,0
BRF:8
BRH:0
end_of_record
TN:
SF:/Users/olga/Documents/GitHub/nft-marketplace-contracts/contracts/tokens/ERC1155_test.sol
FN:8,constructor
FN:12,mint
FNF:2
FNH:2
FNDA:14,constructor
FNDA:19,mint
DA:13,19
LF:1
LH:1
BRF:0
BRH:0
end_of_record
TN:
SF:/Users/olga/Documents/GitHub/nft-marketplace-contracts/contracts/tokens/ERC20_prod.sol
FN:9,constructor
FN:13,mint
FN:17,batchMint
FNF:3
FNH:1
FNDA:3,constructor
FNDA:0,mint
FNDA:0,batchMint
DA:14,0
DA:18,0
DA:20,0
DA:21,0
LF:4
LH:0
BRDA:18,1,0,0
BRDA:18,1,1,0
BRF:2
BRH:0
end_of_record
TN:
SF:/Users/olga/Documents/GitHub/nft-marketplace-contracts/contracts/tokens/ERC20_test.sol
FN:8,constructor
FN:12,mint
FNF:2
FNH:2
FNDA:13,constructor
FNDA:13,mint
DA:13,13
LF:1
LH:1
BRF:0
BRH:0
end_of_record
TN:
SF:/Users/olga/Documents/GitHub/nft-marketplace-contracts/contracts/tokens/ERC721_prod.sol
FN:12,constructor
FN:16,mint
FN:23,batchMint
FN:32,setBaseURI
FN:36,_baseURI
FNF:5
FNH:1
FNDA:3,constructor
FNDA:0,mint
FNDA:0,batchMint
FNDA:0,setBaseURI
FNDA:0,_baseURI
DA:13,3
DA:17,0
DA:19,0
DA:24,0
DA:26,0
DA:27,0
DA:29,0
DA:33,0
DA:37,0
LF:9
LH:1
BRDA:17,1,0,0
BRDA:17,1,1,0
BRDA:24,2,0,0
BRDA:24,2,1,0
BRF:4
BRH:0
end_of_record
TN:
SF:/Users/olga/Documents/GitHub/nft-marketplace-contracts/contracts/tokens/ERC721.sol
FN:8,constructor
FN:12,mint
FNF:2
FNH:2
FNDA:13,constructor
FNDA:66,mint
DA:13,66
LF:1
LH:1
BRF:0
BRH:0
end_of_record
TN:
SF:/Users/olga/Documents/GitHub/nft-marketplace-contracts/contracts/VariableType.sol
FNF:0
FNH:0
LF:0
LH:0
BRF:0
BRH:0
end_of_record
